23:07:22 [INFO ] 日志文件: logs\20260526_230722.log
23:07:22 [INFO ] 德州扑克 AI Agent 启动中
23:07:23 [INFO ] 系统就绪，开始扫描游戏窗口
23:09:42 [INFO ] >>> 行动回合 | 阶段=PRE_FLOP
23:09:44 [INFO ] 手牌: 5s, Tc
23:09:44 [INFO ] 公共牌: 未知
23:09:45 [INFO ] 底池=0  筹码=596  跟注=0 (check)
23:09:45 [INFO ] 成牌=高牌  听牌=无  outs=0  起手=边缘牌
23:09:45 [INFO ] 请求 AI 决策...
23:09:48 [INFO ] AI=CHECK  金额=0  理由=手牌极差，但免费看牌，硬约束禁止fold，选择check
23:09:48 [INFO ] 动作执行完毕，等待下一轮
23:10:33 [INFO ] >>> 行动回合 | 阶段=FLOP
23:10:34 [INFO ] 公共牌: 5d, 9h, 6c
23:10:34 [INFO ] 底池=12  筹码=696  跟注=29 (call)
23:10:34 [INFO ] 成牌=一对  听牌=无  outs=5  起手=边缘牌
23:10:34 [INFO ] 请求 AI 决策...
23:10:38 [INFO ] AI=FOLD  金额=0  理由=底池赔率极差（需70.7%胜率），手牌仅为底对5，无听牌，且公牌有高牌，跟注负EV。
23:10:38 [INFO ] 动作执行完毕，等待下一轮
23:10:48 [INFO ] 新对局，记忆已清空
23:11:40 [INFO ] >>> 行动回合 | 阶段=PRE_FLOP
23:11:41 [INFO ] 手牌: 6c, 8s
23:11:41 [INFO ] 公共牌: 未知
23:11:41 [INFO ] 底池=0  筹码=692  跟注=0 (check)
23:11:41 [INFO ] 成牌=高牌  听牌=无  outs=0  起手=边缘牌
23:11:41 [INFO ] 请求 AI 决策...
23:11:44 [INFO ] AI=CHECK  金额=0  理由=手牌极弱（6c8s），且当前为免费看牌，遵循硬约束选择check。
23:11:45 [INFO ] 动作执行完毕，等待下一轮
23:12:04 [INFO ] >>> 行动回合 | 阶段=FLOP
23:12:04 [INFO ] 公共牌: 7h, 4c, 3c
23:12:05 [INFO ] 底池=12  筹码=692  跟注=0 (check)
23:12:05 [INFO ] 成牌=高牌  听牌=['两头顺听牌']  outs=8  起手=边缘牌
23:12:05 [INFO ] 请求 AI 决策...
23:12:09 [INFO ] AI=CHECK  金额=0  理由=手牌为两头顺听牌，胜率约32%，硬约束禁止弃牌。当前无需支付即可看牌，策略上跟注或过牌均合理。选择过牌以低成本看转牌，避免加注可能导致的对手弃牌或抬高底池风险。
23:12:10 [INFO ] 动作执行完毕，等待下一轮
23:12:31 [INFO ] >>> 行动回合 | 阶段=TURN
23:12:31 [INFO ] 公共牌: 7h, 4c, 3c, 4s
23:12:32 [INFO ] 底池=12  筹码=692  跟注=0 (check)
23:12:32 [INFO ] 成牌=一对  听牌=['两头顺听牌']  outs=13  起手=边缘牌
23:12:32 [INFO ] 请求 AI 决策...
23:12:49 [INFO ] AI=CHECK  金额=0  理由=免费看牌，有听牌潜力，遵循硬约束不弃牌，check稳妥。
23:12:50 [INFO ] 动作执行完毕，等待下一轮
23:13:11 [INFO ] >>> 行动回合 | 阶段=RIVER
23:13:11 [INFO ] 公共牌: 7h, 4c, 3c, 4s, Ad
23:13:12 [INFO ] 底池=12  筹码=692  跟注=0 (check)
23:13:12 [INFO ] 成牌=一对  听牌=['两头顺听牌']  outs=13  起手=边缘牌
23:13:12 [INFO ] 请求 AI 决策...
23:13:20 [INFO ] AI=CHECK  金额=0  理由=底对4且踢脚弱，但免费看牌且硬约束禁止fold，故选择check。
23:13:20 [INFO ] 动作执行完毕，等待下一轮
23:13:46 [INFO ] 新对局，记忆已清空
23:14:42 [INFO ] >>> 行动回合 | 阶段=PRE_FLOP
23:14:43 [INFO ] 手牌: 7h, 3h
23:14:43 [INFO ] 公共牌: 未知
23:14:44 [INFO ] 底池=0  筹码=588  跟注=23 (call)
23:14:44 [INFO ] 成牌=高牌  听牌=无  outs=0  起手=边缘牌
23:14:44 [INFO ] 请求 AI 决策...
23:14:47 [INFO ] AI=FOLD  金额=0  理由=手牌7h3h极弱，底池赔率要求100%胜率，且无位置优势，弃牌是最优选择。
23:14:48 [INFO ] 动作执行完毕，等待下一轮
23:14:58 [INFO ] 新对局，记忆已清空
23:15:31 [INFO ] >>> 行动回合 | 阶段=PRE_FLOP
23:15:31 [INFO ] 手牌: 3d, 6d
23:15:31 [INFO ] 公共牌: 未知
23:15:32 [INFO ] 底池=0  筹码=686  跟注=22 (call)
23:15:32 [INFO ] 成牌=高牌  听牌=无  outs=0  起手=边缘牌
23:15:32 [INFO ] 请求 AI 决策...
23:15:36 [INFO ] AI=FOLD  金额=0  理由=手牌3d6d太弱，底池赔率极差（需100%胜率），跟注无意义，弃牌是最优选择。
23:15:36 [INFO ] 动作执行完毕，等待下一轮
23:15:56 [INFO ] 新对局，记忆已清空
23:16:46 [INFO ] >>> 行动回合 | 阶段=PRE_FLOP
23:16:47 [INFO ] 手牌: 2s, 9d
23:16:47 [INFO ] 公共牌: 未知
23:16:48 [INFO ] 底池=0  筹码=582  跟注=12 (call)
23:16:48 [INFO ] 成牌=高牌  听牌=无  outs=0  起手=边缘牌
23:16:48 [INFO ] 请求 AI 决策...
23:16:50 [INFO ] AI=FOLD  金额=0  理由=手牌2s9d极差，底池赔率恶劣，无入局价值，选择弃牌。
23:16:50 [INFO ] 动作执行完毕，等待下一轮
23:17:09 [INFO ] 程序由用户停止
