23:48:34 [INFO ] 日志文件: logs\20260526_234834.log
23:48:34 [INFO ] 德州扑克 AI Agent 启动中
23:48:35 [INFO ] 系统就绪，开始扫描游戏窗口
23:50:52 [INFO ] >>> 行动回合 | 阶段=PRE_FLOP
23:50:52 [INFO ] 手牌: Jc, 5s
23:50:52 [INFO ] 公共牌: 未知
23:50:55 [INFO ] 底池=0  筹码=138  跟注=2 (call)
23:50:55 [INFO ] 成牌=高牌  听牌=无  outs=0  起手=边缘牌
23:50:55 [INFO ] 请求 AI 决策...
23:50:58 [INFO ] AI=FOLD  金额=0  理由=手牌Jc5s极差，起手牌分数仅1/10，底池赔率极差（需100%胜率），无位置优势，翻前应弃牌以保护筹码。
23:50:59 [INFO ] 动作执行完毕，等待下一轮
23:52:17 [INFO ] 新对局，记忆已清空
23:52:51 [INFO ] >>> 行动回合 | 阶段=PRE_FLOP
23:52:51 [INFO ] 手牌: 3d, 6d
23:52:51 [INFO ] 公共牌: 未知
23:52:52 [INFO ] 底池=0  筹码=137  跟注=3 (call)
23:52:52 [INFO ] 成牌=高牌  听牌=无  outs=0  起手=边缘牌
23:52:52 [INFO ] 请求 AI 决策...
23:52:55 [INFO ] AI=CALL  金额=3  理由=手牌3d6d为同花边缘牌，硬性约束要求必须看翻牌，且跟注成本极低，符合赔率要求。
23:52:55 [INFO ] 动作执行完毕，等待下一轮
23:53:16 [INFO ] >>> 行动回合 | 阶段=FLOP
23:53:17 [INFO ] 公共牌: 3h, 5h, 9h
23:53:18 [INFO ] 底池=16  筹码=134  跟注=0 (check)
23:53:18 [INFO ] 成牌=一对  听牌=无  outs=5  起手=边缘牌
23:53:18 [INFO ] 请求 AI 决策...
23:53:21 [INFO ] AI=CHECK  金额=0  理由=免费看牌，手牌为底对3，有5张补牌成两对或三条（约20%胜率），底池赔率无限，硬约束禁止fold，因此选择check观望。
23:53:22 [INFO ] 动作执行完毕，等待下一轮
23:53:50 [INFO ] >>> 行动回合 | 阶段=FLOP
23:53:50 [INFO ] 公共牌: 3h, 5h, 9h
23:53:51 [INFO ] 底池=16  筹码=134  跟注=16 (call)
23:53:51 [INFO ] 成牌=一对  听牌=无  outs=5  起手=边缘牌
23:53:51 [INFO ] 请求 AI 决策...
23:53:54 [INFO ] AI=CALL  金额=16  理由=底池赔率合适（50%），手牌底对3有一定可玩性，但牌面同花威胁大，对手重注可能成强牌，考虑到策略引导避免过度弃牌，选择跟注。
23:53:55 [INFO ] 动作执行完毕，等待下一轮
23:54:03 [INFO ] >>> 行动回合 | 阶段=TURN
23:54:04 [INFO ] 公共牌: 3h, 5h, 9h, 7c
23:54:05 [INFO ] 底池=80  筹码=118  跟注=0 (check)
23:54:05 [INFO ] 成牌=一对  听牌=['两头顺听牌']  outs=13  起手=边缘牌
23:54:05 [INFO ] 请求 AI 决策...
23:54:10 [INFO ] AI=CHECK  金额=0  理由=底对加两头顺听牌，免费看牌，选择过牌
23:54:11 [INFO ] 动作执行完毕，等待下一轮
23:54:34 [INFO ] >>> 行动回合 | 阶段=TURN
23:54:34 [INFO ] 公共牌: 3h, 5h, 9h, 7c
23:54:35 [INFO ] 底池=80  筹码=118  跟注=39 (call)
23:54:35 [INFO ] 成牌=一对  听牌=['两头顺听牌']  outs=13  起手=边缘牌
23:54:35 [INFO ] 请求 AI 决策...
23:54:40 [INFO ] AI=CALL  金额=39  理由=手牌底对加两头顺听牌，outs估算13张，胜率约52%高于底池赔率要求的32.8%，硬约束禁止弃牌。策略引导倾向于跟注，避免过度弃牌，当前赔率合适，跟注看河牌是合理选择。
23:54:41 [INFO ] 动作执行完毕，等待下一轮
23:54:48 [INFO ] >>> 行动回合 | 阶段=RIVER
23:54:49 [INFO ] 公共牌: 3h, 5h, 9h, 7c, 9c
23:54:50 [INFO ] 底池=197  筹码=79  跟注=0 (check)
23:54:50 [INFO ] 成牌=两对  听牌=['两头顺听牌']  outs=12  起手=边缘牌
23:54:50 [INFO ] 请求 AI 决策...
23:55:07 [INFO ] AI=CHECK  金额=0  理由=我方成牌两对，但牌面有同花和顺子可能，对手可能已完成更好的牌。由于免费摊牌，check是最安全的行动，避免额外投入。
23:55:08 [INFO ] 动作执行完毕，等待下一轮
23:55:18 [INFO ] >>> 行动回合 | 阶段=RIVER
23:55:18 [INFO ] 公共牌: 3h, 5h, 9h, 7c, 9c
23:55:19 [INFO ] 底池=197  筹码=79  跟注=19 (call)
23:55:19 [INFO ] 成牌=两对  听牌=['两头顺听牌']  outs=12  起手=边缘牌
23:55:19 [INFO ] 请求 AI 决策...
23:55:24 [INFO ] AI=CALL  金额=19  理由=底池赔率合适，手牌胜率估算24%远超所需8.8%，硬约束禁止弃牌，倾向于跟注控制风险，避免过度投入。
23:55:24 [INFO ] 动作执行完毕，等待下一轮
23:55:53 [INFO ] 新对局，记忆已清空
23:56:16 [INFO ] >>> 行动回合 | 阶段=PRE_FLOP
23:56:16 [INFO ] 手牌: Kh, Ts
23:56:16 [INFO ] 公共牌: 未知
23:56:17 [INFO ] 底池=0  筹码=98  跟注=4 (call)
23:56:17 [INFO ] 成牌=高牌  听牌=无  outs=0  起手=K带小
23:56:17 [INFO ] 请求 AI 决策...
23:56:20 [INFO ] AI=CALL  金额=4  理由=手牌KTo属于边缘牌，但硬约束要求必须看翻牌，底池赔率合适，跟注低成本入池。
23:56:21 [INFO ] 动作执行完毕，等待下一轮
23:57:12 [INFO ] >>> 行动回合 | 阶段=FLOP
23:57:12 [INFO ] 公共牌: 5s, Jh, Th
23:57:13 [INFO ] 底池=16  筹码=94  跟注=14 (call)
23:57:13 [INFO ] 成牌=一对  听牌=无  outs=5  起手=K带小
23:57:13 [INFO ] 请求 AI 决策...
23:57:17 [INFO ] AI=CALL  金额=14  理由=手牌为中对T，牌面有J和10，后门同花听牌，底池赔率16:14需要约46.7%胜率，虽然实际胜率可能偏低，但策略倾向于跟注避免过度弃牌，因此选择跟注。
23:57:17 [INFO ] 动作执行完毕，等待下一轮
23:57:46 [INFO ] >>> 行动回合 | 阶段=TURN
23:57:46 [INFO ] 公共牌: 5s, Jh, Th, Td
23:57:47 [INFO ] 底池=58  筹码=94  跟注=58 (call)
23:57:47 [INFO ] 成牌=三条  听牌=无  outs=6  起手=K带小
23:57:47 [INFO ] 请求 AI 决策...
23:58:16 [INFO ] AI=RAISE  金额=94  理由=手牌三条T，牌面有公对但无顺或同花听牌，对手可能持有三条J或更大三条T带A，但概率较低。底池赔率合适，加注全下可获取价值并保护手牌，避免被反超。
23:58:17 [INFO ] 动作执行完毕，等待下一轮
23:58:58 [INFO ] 新对局，记忆已清空
23:59:11 [INFO ] >>> 行动回合 | 阶段=PRE_FLOP
23:59:12 [INFO ] 手牌: Kh, 6c
23:59:12 [INFO ] 公共牌: 未知
23:59:13 [INFO ] 底池=0  筹码=218  跟注=2 (call)
23:59:13 [INFO ] 成牌=高牌  听牌=无  outs=0  起手=K带小
23:59:13 [INFO ] 请求 AI 决策...
23:59:16 [INFO ] AI=CALL  金额=2  理由=手牌K6o得分仅为2，但硬性约束要求不能弃牌，且底池赔率极低，最小成本跟注看翻牌是唯一合理选择。
23:59:16 [INFO ] 动作执行完毕，等待下一轮
23:59:50 [INFO ] >>> 行动回合 | 阶段=FLOP
23:59:50 [INFO ] 公共牌: 8s, Kd, 5s
23:59:51 [INFO ] 底池=5  筹码=216  跟注=0 (check)
23:59:51 [INFO ] 成牌=一对  听牌=无  outs=5  起手=K带小
23:59:51 [INFO ] 请求 AI 决策...
23:59:54 [INFO ] AI=CHECK  金额=0  理由=手牌为顶对K但踢脚较弱，牌面干燥，且当前为免费看牌，根据硬约束禁止弃牌，选择过牌等待转牌
23:59:55 [INFO ] 动作执行完毕，等待下一轮
00:00:05 [INFO ] >>> 行动回合 | 阶段=TURN
00:00:05 [INFO ] 公共牌: 8s, Kd, 5s, Ac
00:00:06 [INFO ] 底池=5  筹码=216  跟注=0 (check)
00:00:06 [INFO ] 成牌=一对  听牌=无  outs=5  起手=K带小
00:00:06 [INFO ] 请求 AI 决策...
00:00:20 [INFO ] AI=CHECK  金额=0  理由=手牌为顶对K但踢脚较弱，公共牌有Ace压过K，当前是免费看牌且硬约束禁止fold，选择过牌观望
00:00:21 [INFO ] 动作执行完毕，等待下一轮
00:00:32 [INFO ] >>> 行动回合 | 阶段=RIVER
00:00:32 [INFO ] 公共牌: 8s, Kd, 5s, Ac, Jh
00:00:33 [INFO ] 底池=5  筹码=216  跟注=2 (call)
00:00:33 [INFO ] 成牌=一对  听牌=无  outs=5  起手=K带小
00:00:33 [INFO ] 请求 AI 决策...
00:00:41 [INFO ] AI=CALL  金额=2  理由=河牌圈，手牌为中对K，牌面有A，但无顺子或同花威胁。底池赔率5:2，需要约28.6%胜率，考虑到对手可能持有较弱牌型，且策略倾向于避免过度弃牌，跟注是合理选择。
00:00:42 [INFO ] 动作执行完毕，等待下一轮
00:01:00 [INFO ] 新对局，记忆已清空
00:01:40 [INFO ] 程序由用户停止
