13:38:10 [INFO ] 日志文件: logs\20260525_133810.log
13:38:10 [INFO ] 德州扑克 AI Agent 启动中
13:38:11 [INFO ] 系统就绪，开始扫描游戏窗口
13:41:17 [INFO ] >>> 行动回合 | 阶段=PRE_FLOP
13:41:18 [INFO ] 手牌: Kd, Ah
13:41:18 [INFO ] 公共牌: 未知
13:41:22 [INFO ] 底池=0  筹码=1420  跟注=0 (check)
13:41:22 [INFO ] 成牌=高牌  听牌=无  outs=0  起手=AK
13:41:22 [INFO ] 请求 AI 决策...
13:41:28 [INFO ] AI=CHECK  金额=0  理由=免费看牌，AKo强牌但当前底池为零，可先观望后续翻牌。
13:41:28 [INFO ] 动作执行完毕，等待下一轮
13:41:47 [INFO ] >>> 行动回合 | 阶段=FLOP
13:41:47 [INFO ] 公共牌: Tc, 5s, 3h
13:41:48 [INFO ] 底池=36  筹码=1411  跟注=0 (check)
13:41:48 [INFO ] 成牌=高牌  听牌=无  outs=0  起手=AK
13:41:48 [INFO ] 请求 AI 决策...
13:41:54 [INFO ] AI=CHECK  金额=0  理由=手持AK高牌，翻牌完全未击中，无听牌，底池已有36，check争取免费看转牌，避免不必要的损失。
13:41:55 [INFO ] 动作执行完毕，等待下一轮
13:42:09 [INFO ] >>> 行动回合 | 阶段=FLOP
13:42:09 [INFO ] 公共牌: Tc, 5s, 3h
13:42:10 [INFO ] 底池=36  筹码=1411  跟注=0 (check)
13:42:10 [INFO ] 成牌=高牌  听牌=无  outs=0  起手=AK
13:42:10 [INFO ] 请求 AI 决策...
13:42:14 [INFO ] AI=CHECK  金额=0  理由=手持AK高牌，无听牌，底池赔率无限，check免费看转牌，避免不必要的投入。
13:42:14 [INFO ] 动作执行完毕，等待下一轮
13:42:28 [INFO ] >>> 行动回合 | 阶段=TURN
13:42:28 [INFO ] 公共牌: Tc, 5s, 3h, Td
13:42:29 [INFO ] 底池=78  筹码=1397  跟注=0 (check)
13:42:29 [INFO ] 成牌=一对  听牌=无  outs=5  起手=AK
13:42:29 [INFO ] 请求 AI 决策...
13:42:38 [INFO ] AI=CHECK  金额=0  理由=当前成牌为顶对顶踢脚，但公牌有对T，对手可能持有T或更强成牌。免费看牌且胜率估算约20%大于所需0%，禁止弃牌。选择check控制底池，避免被加注，等待河牌听牌或摊牌。
13:42:38 [INFO ] 动作执行完毕，等待下一轮
13:42:54 [INFO ] >>> 行动回合 | 阶段=TURN
13:42:54 [INFO ] 公共牌: Tc, 5s, 3h, Td
13:42:55 [INFO ] 底池=78  筹码=1397  跟注=31 (call)
13:42:55 [INFO ] 成牌=一对  听牌=无  outs=5  起手=AK
13:42:55 [INFO ] 请求 AI 决策...
13:43:03 [INFO ] AI=CALL  金额=31  理由=底池赔率合适，当前成牌一对且有提升机会，跟注看河牌
13:43:03 [INFO ] 动作执行完毕，等待下一轮
13:43:10 [INFO ] >>> 行动回合 | 阶段=RIVER
13:43:10 [INFO ] 公共牌: Tc, 5s, 3h, Td, 7c
13:43:11 [INFO ] 底池=171  筹码=1366  跟注=0 (check)
13:43:11 [INFO ] 成牌=一对  听牌=无  outs=5  起手=AK
13:43:11 [INFO ] 请求 AI 决策...
13:43:24 [INFO ] AI=CHECK  金额=0  理由=根据硬约束，禁止fold，且当前为免费看牌（check），因此选择check等待摊牌。虽然评估显示成牌为一对，但河牌已出，outs无效，底池赔率无限，check是最优选择。
13:43:24 [INFO ] 动作执行完毕，等待下一轮
13:43:38 [INFO ] >>> 行动回合 | 阶段=RIVER
13:43:38 [INFO ] 公共牌: Tc, 5s, 3h, Td, 7c
13:43:39 [INFO ] 底池=171  筹码=1366  跟注=17 (call)
13:43:39 [INFO ] 成牌=一对  听牌=无  outs=5  起手=AK
13:43:39 [INFO ] 请求 AI 决策...
13:43:54 [INFO ] AI=CALL  金额=0  理由=根据硬约束，outs=5估算胜率10%大于所需9.0%，不能fold。手牌为高牌，但底池赔率合适，选择跟注。
13:43:54 [INFO ] 动作执行完毕，等待下一轮
13:44:08 [INFO ] 新对局，记忆已清空
13:44:11 [INFO ] 程序由用户停止
