13:36:23 [INFO ] 日志文件: logs\20260522_133623.log
13:36:23 [INFO ] 德州扑克 AI Agent 启动中
13:36:23 [INFO ] 系统就绪，开始扫描游戏窗口
13:36:23 [INFO ] >>> 行动回合 | 阶段=PRE_FLOP
13:36:27 [INFO ] 手牌: ?d, ?s
13:36:27 [INFO ] 公共牌: ?s, ?s, ?s, ?s, ?s
13:36:28 [INFO ] 底池=0  筹码=1414  跟注=0 (check)
13:36:28 [INFO ] 成牌=同花  听牌=无  outs=0  起手=小对子(66-)
13:36:28 [INFO ] 请求 AI 决策...
13:36:32 [INFO ] AI=CHECK  金额=0  理由=手牌为小对子，免费看翻牌可以尝试击中暗三条，底池赔率无限，选择过牌。
13:36:33 [INFO ] 动作执行完毕，等待下一轮
13:37:36 [INFO ] >>> 行动回合 | 阶段=PRE_FLOP
13:37:37 [INFO ] 公共牌: ?s, ?s, ?s, ?c, ?s
13:37:37 [INFO ] 底池=0  筹码=1414  跟注=18 (call)
13:37:37 [INFO ] 成牌=同花  听牌=无  outs=0  起手=小对子(66-)
13:37:37 [INFO ] 请求 AI 决策...
13:37:41 [INFO ] AI=FOLD  金额=0  理由=当前成牌同花但无听牌，底池赔率要求100%胜率，且起手牌为小对子，不具备对抗价值，需弃牌。
13:37:41 [INFO ] 动作执行完毕，等待下一轮
13:37:52 [INFO ] 新对局，记忆已清空
13:38:43 [INFO ] >>> 行动回合 | 阶段=PRE_FLOP
13:38:44 [INFO ] 手牌: ?d, ?h
13:38:45 [INFO ] 公共牌: ?s, ?c, ?c, ?c, ?s
13:38:45 [INFO ] 底池=0  筹码=1408  跟注=0 (check)
13:38:45 [INFO ] 成牌=高牌  听牌=无  outs=0  起手=小对子(66-)
13:38:45 [INFO ] 请求 AI 决策...
13:38:48 [INFO ] AI=CHECK  金额=0  理由=免费看牌，有机会在翻牌后击中三条，当前无需投入筹码。
13:38:48 [INFO ] 动作执行完毕，等待下一轮
13:39:03 [INFO ] >>> 行动回合 | 阶段=FLOP
13:39:03 [INFO ] 公共牌: ?d, ?h, 5c, ?s, ?s
13:39:04 [INFO ] 底池=36  筹码=1402  跟注=0 (check)
13:39:04 [INFO ] 成牌=高牌  听牌=无  outs=0  起手=小对子(66-)
13:39:04 [INFO ] 请求 AI 决策...
13:39:07 [INFO ] AI=FOLD  金额=0  理由=手牌是小对子，未击中任何牌，且无听牌，胜率极低，底池赔率虽无限但无理由继续。
13:39:08 [INFO ] 动作执行完毕，等待下一轮
13:39:45 [INFO ] >>> 行动回合 | 阶段=TURN
13:39:45 [INFO ] 公共牌: ?d, ?h, 5c, ?c, ?s
13:39:46 [INFO ] 底池=36  筹码=1402  跟注=0 (check)
13:39:46 [INFO ] 成牌=高牌  听牌=无  outs=0  起手=小对子(66-)
13:39:46 [INFO ] 请求 AI 决策...
13:39:54 [INFO ] AI=FOLD  金额=0  理由=手牌为小对子（66-），当前成牌为高牌，无听牌且Outs为0，胜率极低。虽然底池赔率无限（check免费），但河牌无法改进牌力，继续游戏无意义，应弃牌避免潜在损失。
13:39:54 [INFO ] 动作执行完毕，等待下一轮
13:40:21 [INFO ] >>> 行动回合 | 阶段=RIVER
13:40:22 [INFO ] 公共牌: ?d, ?h, 5c, ?c, ?h
13:40:23 [INFO ] 底池=4036  筹码=1402  跟注=0 (check)
13:40:23 [INFO ] 成牌=高牌  听牌=无  outs=0  起手=小对子(66-)
13:40:23 [INFO ] 请求 AI 决策...
13:40:48 [INFO ] AI=CHECK  金额=0  理由=手牌仅为高牌，无听牌，无Outs，底池赔率无限，check无需成本，存在极小胜率可能，因此选择过牌。
13:40:49 [INFO ] 动作执行完毕，等待下一轮
13:41:06 [INFO ] >>> 行动回合 | 阶段=RIVER
13:41:07 [INFO ] 公共牌: ?d, ?h, 5c, ?c, ?h
13:41:08 [INFO ] 底池=4036  筹码=1402  跟注=6 (call)
13:41:08 [INFO ] 成牌=高牌  听牌=无  outs=0  起手=小对子(66-)
13:41:08 [INFO ] 请求 AI 决策...
13:41:12 [INFO ] AI=CALL  金额=6  理由=底池赔率极高（4036:6），跟注成本极低，尽管成牌仅有高牌且无听牌，但极小的成本有可能看到对手底牌并获得信息，且极低概率对手诈唬。
13:41:12 [INFO ] 动作执行完毕，等待下一轮
13:41:37 [INFO ] 新对局，记忆已清空
13:42:13 [INFO ] >>> 行动回合 | 阶段=PRE_FLOP
13:42:14 [INFO ] 手牌: ?s, ?d
13:42:15 [INFO ] 公共牌: ?s, ?c, ?s, ?s, ?s
13:42:15 [INFO ] 底池=0  筹码=1393  跟注=9 (call)
13:42:15 [INFO ] 成牌=同花  听牌=无  outs=0  起手=小对子(66-)
13:42:15 [INFO ] 请求 AI 决策...
13:42:23 [INFO ] AI=FOLD  金额=0  理由=底池赔率为0:9，需要100%胜率，小对子(66-)在翻牌前无法达到此胜率，且无听牌，跟注或加注均为负期望值，因此选择弃牌。
13:42:24 [INFO ] 动作执行完毕，等待下一轮
13:43:33 [INFO ] 新对局，记忆已清空
13:43:59 [INFO ] >>> 行动回合 | 阶段=PRE_FLOP
13:44:00 [INFO ] 手牌: ?h, 2h
13:44:01 [INFO ] 公共牌: ?s, ?s, ?s, ?c, ?s
13:44:01 [INFO ] 底池=0  筹码=1393  跟注=0 (check)
13:44:01 [INFO ] 成牌=高牌  听牌=['同花听牌']  outs=9  起手=边缘牌
13:44:01 [INFO ] 请求 AI 决策...
13:44:05 [INFO ] AI=CHECK  金额=0  理由=处于翻牌前阶段，手牌是边缘牌，虽然听同花但需要低成本看翻牌。底池为0且可以免费过牌，因此选择过牌等待翻牌圈。
13:44:06 [INFO ] 动作执行完毕，等待下一轮
13:44:41 [INFO ] >>> 行动回合 | 阶段=PRE_FLOP
13:44:42 [INFO ] 公共牌: ?s, ?s, ?s, ?s, ?s
13:44:43 [INFO ] 底池=0  筹码=1387  跟注=30 (call)
13:44:43 [INFO ] 成牌=同花  听牌=无  outs=0  起手=边缘牌
13:44:43 [INFO ] 请求 AI 决策...
13:44:45 [INFO ] AI=FOLD  金额=0  理由=手牌为边缘牌，且当前成牌同花但无听牌，底池赔率要求100%胜率，跟注不划算，建议弃牌。
13:44:46 [INFO ] 动作执行完毕，等待下一轮
13:45:00 [INFO ] 程序由用户停止
