23:54:28 [INFO ] 日志文件: logs\20260524_235428.log
23:54:28 [INFO ] 德州扑克 AI Agent 启动中
23:54:29 [INFO ] 系统就绪，开始扫描游戏窗口
23:54:34 [INFO ] >>> 行动回合 | 阶段=PRE_FLOP
23:54:37 [INFO ] 手牌: Tc, 8s
23:54:37 [INFO ] 公共牌: 未知
23:54:37 [INFO ] 底池=0  筹码=1690  跟注=10 (call)
23:54:37 [INFO ] 成牌=高牌  听牌=无  outs=0  起手=边缘牌
23:54:37 [INFO ] 请求 AI 决策...
23:54:40 [INFO ] AI=FOLD  金额=0  理由=手牌太弱，起手牌评级仅1/10，且无任何听牌或outs，底池赔率要求100%胜率，弃牌是最佳选择。
23:54:41 [INFO ] 动作执行完毕，等待下一轮
23:54:51 [INFO ] 新对局，记忆已清空
23:55:26 [INFO ] >>> 行动回合 | 阶段=PRE_FLOP
23:55:27 [INFO ] 手牌: Ah, Js
23:55:27 [INFO ] 公共牌: 未知
23:55:27 [INFO ] 底池=0  筹码=1680  跟注=30 (call)
23:55:27 [INFO ] 成牌=高牌  听牌=无  outs=0  起手=AJ
23:55:27 [INFO ] 请求 AI 决策...
23:55:32 [INFO ] AI=CALL  金额=30  理由=起手牌AJ属于中等偏强的牌型，当前阶段为翻牌前，底池较小，跟注成本低，且无特殊约束，选择跟注进入翻牌圈观察公共牌发展。
23:55:33 [INFO ] 动作执行完毕，等待下一轮
23:55:44 [INFO ] >>> 行动回合 | 阶段=FLOP
23:55:45 [INFO ] 公共牌: Ts, Tc, 9d
23:55:45 [INFO ] 底池=125  筹码=1650  跟注=0 (check)
23:55:45 [INFO ] 成牌=一对  听牌=无  outs=5  起手=AJ
23:55:45 [INFO ] 请求 AI 决策...
23:55:50 [INFO ] AI=CHECK  金额=0  理由=免费看牌，一对有改善空间，outs=5足够支持check，底池赔率无限，硬约束禁止fold，选择check合理。
23:55:50 [INFO ] 动作执行完毕，等待下一轮
23:56:06 [INFO ] >>> 行动回合 | 阶段=FLOP
23:56:07 [INFO ] 公共牌: Ts, Tc, 9d
23:56:07 [INFO ] 底池=125  筹码=1650  跟注=0 (check)
23:56:07 [INFO ] 成牌=一对  听牌=无  outs=5  起手=AJ
23:56:07 [INFO ] 请求 AI 决策...
23:56:13 [INFO ] AI=CHECK  金额=0  理由=免费看牌，成对且有5张outs提升，底池赔率无限，check是合理选择。
23:56:13 [INFO ] 动作执行完毕，等待下一轮
23:56:22 [INFO ] >>> 行动回合 | 阶段=TURN
23:56:22 [INFO ] 公共牌: Ts, Tc, 9d, 5h
23:56:23 [INFO ] 底池=1225  筹码=1600  跟注=0 (check)
23:56:23 [INFO ] 成牌=一对  听牌=无  outs=5  起手=AJ
23:56:23 [INFO ] 请求 AI 决策...
23:56:26 [INFO ] AI=CHECK  金额=0  理由=当前手牌成一对J，有5张Outs可提升至两对或三条，底池赔率无限，免费看牌是最优选择，符合硬约束且避免无谓损失。
23:56:26 [INFO ] 动作执行完毕，等待下一轮
23:56:39 [INFO ] >>> 行动回合 | 阶段=TURN
23:56:39 [INFO ] 公共牌: Ts, Tc, 9d, 5h
23:56:40 [INFO ] 底池=1225  筹码=1600  跟注=0 (check)
23:56:40 [INFO ] 成牌=一对  听牌=无  outs=5  起手=AJ
23:56:40 [INFO ] 请求 AI 决策...
23:56:44 [INFO ] AI=CHECK  金额=0  理由=当前持有高牌A和J，但公共牌有对T，实际未成对。硬性约束禁止fold，且免费看牌，选择check等待河牌。
23:56:44 [INFO ] 动作执行完毕，等待下一轮
23:56:52 [INFO ] >>> 行动回合 | 阶段=RIVER
23:56:53 [INFO ] 公共牌: Ts, Tc, 9d, 5h, 7s
23:56:54 [INFO ] 底池=1405  筹码=1510  跟注=0 (check)
23:56:54 [INFO ] 成牌=一对  听牌=无  outs=5  起手=AJ
23:56:54 [INFO ] 请求 AI 决策...
23:56:58 [INFO ] AI=CHECK  金额=0  理由=当前为免费看牌阶段，手牌为AJ一对，底池赔率无限，硬约束禁止fold，选择check合理。
23:56:59 [INFO ] 动作执行完毕，等待下一轮
23:57:09 [INFO ] >>> 行动回合 | 阶段=RIVER
23:57:10 [INFO ] 公共牌: Ts, Tc, 9d, 5h, 7s
23:57:10 [INFO ] 底池=1405  筹码=1510  跟注=40 (call)
23:57:10 [INFO ] 成牌=一对  听牌=无  outs=5  起手=AJ
23:57:10 [INFO ] 请求 AI 决策...
23:57:13 [INFO ] AI=CALL  金额=40  理由=胜率约10%大于所需2.8%的底池赔率，硬性约束禁止fold，跟注成本低且有机会赢下底池。
23:57:13 [INFO ] 动作执行完毕，等待下一轮
23:58:03 [INFO ] >>> 行动回合 | 阶段=PRE_FLOP
23:58:03 [INFO ] 公共牌: 未知
23:58:03 [INFO ] 底池=1405  筹码=1708  跟注=25 (call)
23:58:03 [INFO ] 成牌=高牌  听牌=无  outs=0  起手=AJ
23:58:03 [INFO ] 请求 AI 决策...
23:58:06 [INFO ] AI=CALL  金额=25  理由=手牌AJ是好高张，底池赔率极好，硬性约束禁止弃牌，跟注成本低，适合继续看翻牌。
23:58:06 [INFO ] 动作执行完毕，等待下一轮
23:58:32 [INFO ] >>> 行动回合 | 阶段=PRE_FLOP
23:58:32 [INFO ] 公共牌: 未知
23:58:32 [INFO ] 底池=1405  筹码=1683  跟注=50 (call)
23:58:32 [INFO ] 成牌=高牌  听牌=无  outs=0  起手=AJ
23:58:32 [INFO ] 请求 AI 决策...
23:58:36 [INFO ] AI=CALL  金额=50  理由=底池赔率极好（3.4%所需胜率），手牌AJ（6分）符合硬约束，跟注进入翻牌圈。
23:58:36 [INFO ] 动作执行完毕，等待下一轮
23:58:47 [INFO ] >>> 行动回合 | 阶段=FLOP
23:58:48 [INFO ] 公共牌: 7d, Kh, 2c
23:58:48 [INFO ] 底池=1405  筹码=1633  跟注=0 (check)
23:58:48 [INFO ] 成牌=高牌  听牌=无  outs=0  起手=AJ
23:58:48 [INFO ] 请求 AI 决策...
23:58:52 [INFO ] AI=CHECK  金额=0  理由=当前成牌仅为高牌A，无听牌，且outs为0，牌力较弱。对手在之前有重注，但此时check，免费看下一张牌，无需承担额外风险。
23:58:53 [INFO ] 动作执行完毕，等待下一轮
23:59:10 [INFO ] >>> 行动回合 | 阶段=TURN
23:59:10 [INFO ] 公共牌: 7d, Kh, 2c, 8s
23:59:11 [INFO ] 底池=1405  筹码=1633  跟注=0 (check)
23:59:11 [INFO ] 成牌=高牌  听牌=无  outs=0  起手=AJ
23:59:11 [INFO ] 请求 AI 决策...
23:59:16 [INFO ] AI=CHECK  金额=0  理由=当前手牌仅为高牌，无听牌，Outs为0，成牌价值极低。但对手在TURN阶段重注后选择check，给予免费看河牌的机会，因此选择check观望，希望河牌能命中一对或更好的牌。
23:59:16 [INFO ] 动作执行完毕，等待下一轮
23:59:30 [INFO ] >>> 行动回合 | 阶段=RIVER
23:59:31 [INFO ] 公共牌: 7d, Kh, 2c, 8s, 6h
23:59:31 [INFO ] 底池=1405  筹码=1633  跟注=0 (check)
23:59:31 [INFO ] 成牌=高牌  听牌=无  outs=0  起手=AJ
23:59:31 [INFO ] 请求 AI 决策...
23:59:35 [INFO ] AI=CHECK  金额=0  理由=我的手牌只有高牌A，没有成牌或听牌，底池较大但对手在翻牌和转牌重注后河牌check，可能是在控池或示弱，但我的牌力极弱，没有价值下注的理由，免费摊牌是最佳选择。
23:59:36 [INFO ] 动作执行完毕，等待下一轮
23:59:53 [INFO ] >>> 行动回合 | 阶段=RIVER
23:59:54 [INFO ] 公共牌: 7d, Kh, 2c, 8s, 6h
23:59:54 [INFO ] 底池=1405  筹码=1633  跟注=0 (check)
23:59:54 [INFO ] 成牌=高牌  听牌=无  outs=0  起手=AJ
23:59:54 [INFO ] 请求 AI 决策...
23:59:58 [INFO ] AI=CHECK  金额=0  理由=当前手牌仅为高牌A，没有形成任何成牌或听牌，底池免费摊牌，check 可以避免额外投入，同时有机会凭借A高牌赢下底池。
23:59:59 [INFO ] 动作执行完毕，等待下一轮
00:00:04 [INFO ] 新对局，记忆已清空
00:00:25 [INFO ] >>> 行动回合 | 阶段=PRE_FLOP
00:00:26 [INFO ] 手牌: 9d, 5s
00:00:26 [INFO ] 公共牌: 未知
00:00:26 [INFO ] 底池=0  筹码=1633  跟注=40 (call)
00:00:26 [INFO ] 成牌=高牌  听牌=无  outs=0  起手=边缘牌
00:00:26 [INFO ] 请求 AI 决策...
00:00:29 [INFO ] AI=FOLD  金额=0  理由=手牌9d5s极弱，底池赔率差，无听牌，弃牌是最优选择。
00:00:29 [INFO ] 动作执行完毕，等待下一轮
00:00:47 [INFO ] 新对局，记忆已清空
00:01:01 [INFO ] >>> 行动回合 | 阶段=PRE_FLOP
00:01:02 [INFO ] 手牌: Th, 4h
00:01:02 [INFO ] 公共牌: 未知
00:01:03 [INFO ] 底池=0  筹码=1633  跟注=10 (call)
00:01:03 [INFO ] 成牌=高牌  听牌=无  outs=0  起手=边缘牌
00:01:03 [INFO ] 请求 AI 决策...
00:01:05 [INFO ] AI=FOLD  金额=0  理由=手牌Th4h为极低质量的边缘牌，起手评级仅2/10，无听牌和成牌潜力，底池赔率不划算，弃牌是最优选择。
00:01:06 [INFO ] 动作执行完毕，等待下一轮
00:03:09 [INFO ] 新对局，记忆已清空
00:03:43 [INFO ] >>> 行动回合 | 阶段=PRE_FLOP
00:03:44 [INFO ] 手牌: 8h, 5s
00:03:44 [INFO ] 公共牌: 未知
00:03:44 [INFO ] 底池=0  筹码=1623  跟注=0 (check)
00:03:44 [INFO ] 成牌=高牌  听牌=无  outs=0  起手=边缘牌
00:03:44 [INFO ] 请求 AI 决策...
00:03:47 [INFO ] AI=CHECK  金额=0  理由=手牌极弱(8h5s)，评分1/10，当前为免费看牌机会，最优动作为check。
00:03:47 [INFO ] 动作执行完毕，等待下一轮
00:03:56 [INFO ] >>> 行动回合 | 阶段=FLOP
00:03:57 [INFO ] 公共牌: Ah, 8c, 4d
00:03:57 [INFO ] 底池=7025  筹码=1623  跟注=0 (check)
00:03:57 [INFO ] 成牌=一对  听牌=无  outs=5  起手=边缘牌
00:03:57 [INFO ] 请求 AI 决策...
00:04:01 [INFO ] AI=CHECK  金额=0  理由=持有底对8，有5张补牌成两对或三条，胜率约20%，且免费看牌，因此选择过牌。
00:04:02 [INFO ] 动作执行完毕，等待下一轮
00:04:11 [INFO ] >>> 行动回合 | 阶段=TURN
00:04:12 [INFO ] 公共牌: Ah, 8c, 4d, 6h
00:04:12 [INFO ] 底池=7025  筹码=1623  跟注=0 (check)
00:04:12 [INFO ] 成牌=一对  听牌=无  outs=5  起手=边缘牌
00:04:12 [INFO ] 请求 AI 决策...
00:04:15 [INFO ] AI=CHECK  金额=0  理由=当前手牌为一对8，有5张补牌提升至三条或两对，胜率约20%，且无需支付即可看牌。根据硬约束禁止弃牌，check是最优选择。
00:04:16 [INFO ] 动作执行完毕，等待下一轮
00:04:24 [INFO ] >>> 行动回合 | 阶段=RIVER
00:04:25 [INFO ] 公共牌: Ah, 8c, 4d, 6h, 3d
00:04:26 [INFO ] 底池=7025  筹码=1623  跟注=0 (check)
00:04:26 [INFO ] 成牌=一对  听牌=无  outs=5  起手=边缘牌
00:04:26 [INFO ] 请求 AI 决策...
00:04:28 [INFO ] AI=CHECK  金额=0  理由=手牌仅为一对8，在河牌圈牌力较弱，且对手已check，免费看牌。根据硬约束，禁止fold，且无必要加注。因此选择check。
00:04:29 [INFO ] 动作执行完毕，等待下一轮
00:04:47 [INFO ] 新对局，记忆已清空
00:05:23 [INFO ] >>> 行动回合 | 阶段=PRE_FLOP
00:05:24 [INFO ] 手牌: 6h, 3h
00:05:24 [INFO ] 公共牌: 未知
00:05:24 [INFO ] 底池=0  筹码=1643  跟注=5 (call)
00:05:24 [INFO ] 成牌=高牌  听牌=无  outs=0  起手=边缘牌
00:05:24 [INFO ] 请求 AI 决策...
00:05:26 [INFO ] AI=FOLD  金额=0  理由=手牌6h3h极弱，起手牌评级2/10，底池赔率要求100%胜率，无法实现，因此弃牌是最佳选择。
00:05:27 [INFO ] 动作执行完毕，等待下一轮
00:06:31 [INFO ] 新对局，记忆已清空
00:07:10 [INFO ] >>> 行动回合 | 阶段=PRE_FLOP
00:07:11 [INFO ] 手牌: Jc, Kh
00:07:11 [INFO ] 公共牌: 未知
00:07:11 [INFO ] 底池=0  筹码=1643  跟注=49 (call)
00:07:11 [INFO ] 成牌=高牌  听牌=无  outs=0  起手=KJ
00:07:11 [INFO ] 请求 AI 决策...
00:07:15 [INFO ] AI=FOLD  金额=0  理由=起手牌KJ不同花表现中等，面对跟注需支付49且底池为0，赔率极差，且容易被更好的牌统治，选择弃牌是稳妥策略。
00:07:15 [INFO ] 动作执行完毕，等待下一轮
00:08:04 [INFO ] 新对局，记忆已清空
00:08:36 [INFO ] >>> 行动回合 | 阶段=PRE_FLOP
00:08:37 [INFO ] 手牌: 7h, Jh
00:08:37 [INFO ] 公共牌: 未知
00:08:37 [INFO ] 底池=0  筹码=1643  跟注=547 (call)
00:08:37 [INFO ] 成牌=高牌  听牌=无  outs=0  起手=边缘牌
00:08:37 [INFO ] 请求 AI 决策...
00:08:40 [INFO ] AI=FOLD  金额=0  理由=手牌评级极低（2/10），底池赔率为0:547，需要100%胜率才能盈利，而当前手牌胜率远不足，弃牌是最优决策。
00:08:40 [INFO ] 动作执行完毕，等待下一轮
