22:50:20 [INFO ] 日志文件: logs\20260521_225020.log
22:50:20 [INFO ] 德州扑克 AI Agent 启动中
22:50:21 [INFO ] 系统就绪，开始扫描游戏窗口
22:50:35 [INFO ] >>> 行动回合 | 阶段=RIVER
22:50:36 [INFO ] 手牌: ?d, ?d
22:50:36 [INFO ] 公共牌: ?s, ?s, ?s, ?s, ?s
22:50:37 [INFO ] 底池=0  筹码=701440
22:50:37 [INFO ] 成牌=同花  听牌=无  outs=0  起手=小对子(66-)
22:50:37 [INFO ] 请求 AI 决策...
22:50:56 [INFO ] AI=CHECK  金额=0  理由=当前成牌为同花，牌力较强，但底池为0，没有价值下注的必要，选择check看免费摊牌，避免打跑对手或过度投入。
22:50:56 [INFO ] 动作执行完毕，等待下一轮
22:50:57 [INFO ] 新对局，记忆已清空
22:51:13 [INFO ] >>> 行动回合 | 阶段=RIVER
22:51:14 [INFO ] 手牌: ?d, ?d
22:51:14 [INFO ] 公共牌: ?d, ?d, ?d, ?s, ?s
22:51:14 [INFO ] 底池=185  筹码=701380
22:51:14 [INFO ] 成牌=同花  听牌=无  outs=0  起手=小对子(66-)
22:51:14 [INFO ] 请求 AI 决策...
22:51:22 [INFO ] AI=RAISE  金额=100  理由=河牌圈形成同花，属于强牌，可以进行价值下注，底池185，下注半池左右，既能获取价值又能控制风险。
22:51:29 [INFO ] 动作执行完毕，等待下一轮
22:51:29 [INFO ] 新对局，记忆已清空
22:51:46 [INFO ] >>> 行动回合 | 阶段=RIVER
22:51:47 [INFO ] 手牌: ?d, ?d
22:51:47 [INFO ] 公共牌: ?d, ?d, ?d, ?d, ?s
22:51:48 [INFO ] 底池=237  筹码=711354
22:51:48 [INFO ] 成牌=同花  听牌=无  outs=0  起手=小对子(66-)
22:51:48 [INFO ] 请求 AI 决策...
22:52:00 [INFO ] AI=RAISE  金额=180  理由=河牌完成同花，牌力较强。公共牌无对子，潜在危险较小。下注半池到全池范围获取价值，同时防止对手免费看牌。
22:52:02 [INFO ] 动作执行完毕，等待下一轮
22:52:47 [INFO ] 新对局，记忆已清空
22:52:54 [INFO ] >>> 行动回合 | 阶段=RIVER
22:52:55 [INFO ] 手牌: ?d, ?d
22:52:55 [INFO ] 公共牌: ?d, ?d, ?d, ?d, ?s
22:52:55 [INFO ] 底池=237  筹码=7101354
22:52:55 [INFO ] 成牌=同花  听牌=无  outs=0  起手=小对子(66-)
22:52:55 [INFO ] 请求 AI 决策...
22:53:16 [INFO ] AI=RAISE  金额=178  理由=河牌成同花，底池赔率无限，我们持有强牌，应当价值下注。选择底池0.75倍的下注量获取价值，同时防范对手可能持有更大的同花。
22:53:17 [INFO ] 动作执行完毕，等待下一轮
22:53:26 [INFO ] 新对局，记忆已清空
22:53:40 [INFO ] 程序由用户停止
