22:25:11 [INFO ] 日志文件: logs\20260526_222511.log
22:25:11 [INFO ] 德州扑克 AI Agent 启动中
22:25:11 [INFO ] 系统就绪，开始扫描游戏窗口
22:27:41 [INFO ] >>> 行动回合 | 阶段=PRE_FLOP
22:27:42 [INFO ] 手牌: 9d, 9c
22:27:42 [INFO ] 公共牌: 未知
22:27:44 [INFO ] 底池=0  筹码=596  跟注=0 (check)
22:27:44 [INFO ] 成牌=一对  听牌=无  outs=0  起手=中对子(TT/99)
22:27:44 [INFO ] 请求 AI 决策...
22:27:48 [INFO ] AI=CHECK  金额=0  理由=手牌99为中对子，底池为0且无需支付，硬约束禁止fold，选择check免费看翻牌是合理决策。
22:27:49 [INFO ] 动作执行完毕，等待下一轮
22:28:47 [INFO ] >>> 行动回合 | 阶段=PRE_FLOP
22:28:47 [INFO ] 公共牌: 未知
22:28:48 [INFO ] 底池=0  筹码=596  跟注=0 (check)
22:28:48 [INFO ] 成牌=一对  听牌=无  outs=0  起手=中对子(TT/99)
22:28:48 [INFO ] 请求 AI 决策...
22:28:50 [INFO ] AI=CHECK  金额=0  理由=免费看牌，符合硬性约束，避免过度弃牌，99有潜力继续游戏。
22:28:50 [INFO ] 动作执行完毕，等待下一轮
22:30:00 [INFO ] >>> 行动回合 | 阶段=FLOP
22:30:00 [INFO ] 公共牌: 6s, 5c, 4h
22:30:01 [INFO ] 底池=40  筹码=592  跟注=3 (call)
22:30:01 [INFO ] 成牌=一对  听牌=无  outs=5  起手=中对子(TT/99)
22:30:01 [INFO ] 请求 AI 决策...
22:30:04 [INFO ] AI=CALL  金额=3  理由=硬约束禁止弃牌；超对9在当前牌面较强，底池赔率极佳，跟注成本低，保留听牌价值。
22:30:05 [INFO ] 动作执行完毕，等待下一轮
22:30:57 [INFO ] >>> 行动回合 | 阶段=TURN
22:30:57 [INFO ] 公共牌: 6s, 5c, 4h, 7c
22:30:58 [INFO ] 底池=92  筹码=679  跟注=0 (check)
22:30:58 [INFO ] 成牌=一对  听牌=['两头顺听牌']  outs=17  起手=中对子(TT/99)
22:30:58 [INFO ] 请求 AI 决策...
22:31:11 [INFO ] AI=CHECK  金额=0  理由=当前免费看牌，超对9且有顺子听牌，outs估算17胜率较高，无需弃牌。选择过牌以控制底池并观望河牌发展。
22:31:12 [INFO ] 动作执行完毕，等待下一轮
22:32:42 [INFO ] >>> 行动回合 | 阶段=RIVER
22:32:42 [INFO ] 公共牌: 6s, 5c, 4h, 7c, 7s
22:32:43 [INFO ] 底池=185  筹码=548  跟注=0 (check)
22:32:43 [INFO ] 成牌=两对  听牌=['两头顺听牌']  outs=16  起手=中对子(TT/99)
22:32:43 [INFO ] 请求 AI 决策...
22:32:48 [INFO ] AI=CHECK  金额=0  理由=手牌为两对，免费看牌，且硬约束禁止弃牌。当前河牌阶段，对手可能持有顺子或葫芦，加注风险较高，选择过牌观察对手动作。
22:32:49 [INFO ] 动作执行完毕，等待下一轮
22:33:11 [INFO ] 新对局，记忆已清空
22:33:48 [INFO ] 程序由用户停止
