22:49:39 [INFO ] 日志文件: logs\20260526_224939.log
22:49:39 [INFO ] 德州扑克 AI Agent 启动中
22:49:39 [INFO ] 系统就绪，开始扫描游戏窗口
22:50:24 [INFO ] >>> 行动回合 | 阶段=PRE_FLOP
22:50:25 [INFO ] 手牌: 7h, As
22:50:25 [INFO ] 公共牌: 未知
22:50:27 [INFO ] 底池=0  筹码=596  跟注=0 (check)
22:50:27 [INFO ] 成牌=高牌  听牌=无  outs=0  起手=A带小
22:50:27 [INFO ] 请求 AI 决策...
22:50:31 [INFO ] AI=CHECK  金额=0  理由=当前为翻前阶段，手牌A7o有一定可玩性但不算强，底池为0且无需支付，check是最合理的选择，符合硬约束且避免不必要的投入。
22:50:32 [INFO ] 动作执行完毕，等待下一轮
22:50:55 [INFO ] >>> 行动回合 | 阶段=PRE_FLOP
22:50:55 [INFO ] 公共牌: 未知
22:50:56 [INFO ] 底池=0  筹码=596  跟注=0 (check)
22:50:56 [INFO ] 成牌=高牌  听牌=无  outs=0  起手=A带小
22:50:56 [INFO ] 请求 AI 决策...
22:50:59 [INFO ] AI=CHECK  金额=0  理由=翻前免费看牌，手牌As7h有一定潜力，选择check保留机会，符合硬约束和策略引导。
22:50:59 [INFO ] 动作执行完毕，等待下一轮
22:51:30 [INFO ] >>> 行动回合 | 阶段=FLOP
22:51:30 [INFO ] 公共牌: 4d, 9h, 4h
22:51:31 [INFO ] 底池=54  筹码=684  跟注=0 (check)
22:51:31 [INFO ] 成牌=一对  听牌=无  outs=5  起手=A带小
22:51:31 [INFO ] 请求 AI 决策...
22:51:39 [INFO ] AI=CHECK  金额=0  理由=当前手牌仅为A高，未成牌，但硬约束禁止弃牌且免费看牌，因此选择过牌观望，等待转牌发展。
22:51:39 [INFO ] 动作执行完毕，等待下一轮
22:52:04 [INFO ] >>> 行动回合 | 阶段=FLOP
22:52:04 [INFO ] 公共牌: 4d, 9h, 4h
22:52:05 [INFO ] 底池=54  筹码=684  跟注=25 (call)
22:52:05 [INFO ] 成牌=一对  听牌=无  outs=5  起手=A带小
22:52:05 [INFO ] 请求 AI 决策...
22:52:11 [INFO ] AI=CALL  金额=0  理由=手牌As7h在牌面4d9h4h上只有A高牌，但底池赔率合适（需31.6%胜率），且策略引导避免过度弃牌，跟注看转牌可提升牌力（击中A或7可成对）。考虑到对手可能持有对子或听牌，跟注较为合理。
22:52:11 [INFO ] 动作执行完毕，等待下一轮
22:52:27 [INFO ] >>> 行动回合 | 阶段=TURN
22:52:27 [INFO ] 公共牌: 4d, 9h, 4h, Ah
22:52:28 [INFO ] 底池=139  筹码=559  跟注=0 (check)
22:52:28 [INFO ] 成牌=两对  听牌=['同花听牌']  outs=13  起手=A带小
22:52:28 [INFO ] 请求 AI 决策...
22:52:31 [INFO ] AI=CHECK  金额=0  理由=免费看牌，两对牌力较强，但对方过牌，选择过牌控池，避免暴露牌力。
22:52:32 [INFO ] 动作执行完毕，等待下一轮
22:52:52 [INFO ] >>> 行动回合 | 阶段=TURN
22:52:52 [INFO ] 公共牌: 4d, 9h, 4h, Ah
22:52:52 [INFO ] 底池=139  筹码=559  跟注=110 (call)
22:52:52 [INFO ] 成牌=两对  听牌=['同花听牌']  outs=13  起手=A带小
22:52:52 [INFO ] 请求 AI 决策...
22:52:58 [INFO ] AI=CALL  金额=110  理由=硬约束胜率52%>所需44.2%，禁止弃牌。手牌有顶对A和同花/葫芦听牌，跟注符合策略倾向，避免过度弃牌，且赔率合适。
22:52:59 [INFO ] 动作执行完毕，等待下一轮
22:53:18 [INFO ] >>> 行动回合 | 阶段=RIVER
22:53:18 [INFO ] 公共牌: 4d, 9h, 4h, Ah, 3c
22:53:19 [INFO ] 底池=469  筹码=549  跟注=0 (check)
22:53:19 [INFO ] 成牌=两对  听牌=['同花听牌']  outs=13  起手=A带小
22:53:19 [INFO ] 请求 AI 决策...
22:53:26 [INFO ] AI=CHECK  金额=0  理由=河牌圈对手过牌，我们持有两对（A和4），牌面有对子和同花威胁，但无需支付即可看牌。根据硬约束禁止弃牌，免费摊牌是合理选择，避免过度激进导致被反加。
22:53:26 [INFO ] 动作执行完毕，等待下一轮
22:53:40 [INFO ] >>> 行动回合 | 阶段=RIVER
22:53:40 [INFO ] 公共牌: 4d, 9h, 4h, Ah, 3c
22:53:41 [INFO ] 底池=469  筹码=549  跟注=70 (call)
22:53:41 [INFO ] 成牌=两对  听牌=['同花听牌']  outs=13  起手=A带小
22:53:41 [INFO ] 请求 AI 决策...
22:53:46 [INFO ] AI=CALL  金额=0  理由=根据硬性约束，outs=13估算胜率26% > 所需13%，禁止fold。手牌为两对（A和4），但公对4存在暗三条或葫芦风险。对手在河牌重注，跟注赔率合适，策略倾向于跟注，避免过度弃牌。
22:53:47 [INFO ] 动作执行完毕，等待下一轮
22:54:11 [INFO ] 新对局，记忆已清空
22:54:57 [INFO ] >>> 行动回合 | 阶段=PRE_FLOP
22:54:57 [INFO ] 手牌: 7h, 4h
22:54:57 [INFO ] 公共牌: 未知
22:54:58 [INFO ] 底池=0  筹码=477  跟注=0 (check)
22:54:58 [INFO ] 成牌=高牌  听牌=无  outs=0  起手=边缘牌
22:54:58 [INFO ] 请求 AI 决策...
22:55:00 [INFO ] AI=CHECK  金额=0  理由=免费看牌，手牌7h4h具有一定同花潜力，但整体较弱，check合理。
22:55:01 [INFO ] 动作执行完毕，等待下一轮
22:55:15 [INFO ] >>> 行动回合 | 阶段=FLOP
22:55:15 [INFO ] 公共牌: Ks, Td, 9c
22:55:15 [INFO ] 底池=12  筹码=475  跟注=0 (check)
22:55:15 [INFO ] 成牌=高牌  听牌=无  outs=0  起手=边缘牌
22:55:15 [INFO ] 请求 AI 决策...
22:55:20 [INFO ] AI=CHECK  金额=0  理由=手牌7h4h完全错过翻牌KsTd9c，无对无听牌，价值极低。底池为0需支付，免费看牌，check是标准操作，保留看后续转牌的机会。
22:55:20 [INFO ] 动作执行完毕，等待下一轮
22:55:32 [INFO ] >>> 行动回合 | 阶段=TURN
22:55:32 [INFO ] 公共牌: Ks, Td, 9c, 4d
22:55:33 [INFO ] 底池=12  筹码=475  跟注=0 (check)
22:55:33 [INFO ] 成牌=一对  听牌=无  outs=5  起手=边缘牌
22:55:33 [INFO ] 请求 AI 决策...
22:55:38 [INFO ] AI=CHECK  金额=0  理由=底对4，公共牌有K、T、9，仅有两张4的outs可成三条，但硬约束禁止fold，且免费看牌，选择check。
22:55:39 [INFO ] 动作执行完毕，等待下一轮
22:55:42 [INFO ] >>> 行动回合 | 阶段=TURN
22:55:42 [INFO ] 公共牌: Ks, Td, 9c, 4d
22:55:43 [INFO ] 底池=12  筹码=475  跟注=0 (check)
22:55:43 [INFO ] 成牌=一对  听牌=无  outs=5  起手=边缘牌
22:55:43 [INFO ] 请求 AI 决策...
22:55:47 [INFO ] AI=CHECK  金额=0  理由=当前持有底对4，硬约束禁止弃牌，且底池赔率无限（免费看牌），选择check合理。手牌强度一般，无听牌潜力，不宜加注。
22:55:47 [INFO ] 动作执行完毕，等待下一轮
22:56:13 [INFO ] >>> 行动回合 | 阶段=TURN
22:56:13 [INFO ] 公共牌: Ks, Td, 9c, 4d
22:56:14 [INFO ] 底池=12  筹码=475  跟注=26 (call)
22:56:14 [INFO ] 成牌=一对  听牌=无  outs=5  起手=边缘牌
22:56:14 [INFO ] 请求 AI 决策...
22:56:24 [INFO ] AI=FOLD  金额=0  理由=手牌为底对4，公共牌有K、T、9等高牌，无听牌，胜率极低。底池赔率要求68.4%胜率，实际远不满足，弃牌是最优决策。
22:56:25 [INFO ] 动作执行完毕，等待下一轮
22:56:55 [INFO ] 新对局，记忆已清空
22:57:19 [INFO ] >>> 行动回合 | 阶段=PRE_FLOP
22:57:20 [INFO ] 手牌: 2s, 2d
22:57:20 [INFO ] 公共牌: 未知
22:57:20 [INFO ] 底池=0  筹码=475  跟注=0 (check)
22:57:20 [INFO ] 成牌=一对  听牌=无  outs=0  起手=小对子(66-)
22:57:20 [INFO ] 请求 AI 决策...
22:57:24 [INFO ] AI=CHECK  金额=0  理由=手牌为小对子(2s2d)，当前处于翻前免费看牌阶段，硬约束禁止弃牌且要求便宜入池，选择check符合策略。
22:57:24 [INFO ] 动作执行完毕，等待下一轮
22:58:02 [INFO ] >>> 行动回合 | 阶段=FLOP
22:58:02 [INFO ] 公共牌: 5d, 9h, 5s
22:58:03 [INFO ] 底池=18  筹码=471  跟注=40 (call)
22:58:03 [INFO ] 成牌=两对  听牌=无  outs=4  起手=小对子(66-)
22:58:03 [INFO ] 请求 AI 决策...
22:58:07 [INFO ] AI=FOLD  金额=0  理由=底池赔率极差（需69%胜率），手牌22仅形成最小两对，且公牌有对5，对手重注表明可能持有更强牌型（如三条或更大的两对）。即使有可玩性，赔率不支撑跟注，故选择弃牌。
22:58:07 [INFO ] 动作执行完毕，等待下一轮
22:58:20 [INFO ] 新对局，记忆已清空
22:58:52 [INFO ] >>> 行动回合 | 阶段=PRE_FLOP
22:58:53 [INFO ] 手牌: 6h, Kd
22:58:53 [INFO ] 公共牌: 未知
22:58:53 [INFO ] 底池=0  筹码=469  跟注=0 (check)
22:58:53 [INFO ] 成牌=高牌  听牌=无  outs=0  起手=K带小
22:58:53 [INFO ] 请求 AI 决策...
22:58:58 [INFO ] AI=CHECK  金额=0  理由=免费看牌，手牌较弱但符合策略，选择过牌进入翻牌圈。
22:58:58 [INFO ] 动作执行完毕，等待下一轮
22:59:30 [INFO ] >>> 行动回合 | 阶段=PRE_FLOP
22:59:30 [INFO ] 公共牌: 未知
22:59:31 [INFO ] 底池=0  筹码=467  跟注=8 (call)
22:59:31 [INFO ] 成牌=高牌  听牌=无  outs=0  起手=K带小
22:59:31 [INFO ] 请求 AI 决策...
22:59:34 [INFO ] AI=FOLD  金额=0  理由=底池为0，跟注8需要100%胜率，但手牌K带小仅2/10分，远达不到要求，弃牌避免无谓损失。
22:59:34 [INFO ] 动作执行完毕，等待下一轮
23:01:13 [INFO ] 新对局，记忆已清空
23:01:38 [INFO ] >>> 行动回合 | 阶段=PRE_FLOP
23:01:39 [INFO ] 手牌: 3d, 8d
23:01:39 [INFO ] 公共牌: 未知
23:01:39 [INFO ] 底池=0  筹码=467  跟注=0 (check)
23:01:39 [INFO ] 成牌=高牌  听牌=无  outs=0  起手=边缘牌
23:01:39 [INFO ] 请求 AI 决策...
23:01:43 [INFO ] AI=CHECK  金额=0  理由=当前为免费看牌阶段，手牌3d8d虽为边缘牌，但硬性约束禁止弃牌，选择check进行免费翻牌观察。
23:01:43 [INFO ] 动作执行完毕，等待下一轮
23:02:07 [INFO ] 程序由用户停止

