23:28:52 [INFO ] 日志文件: logs\20260524_232852.log
23:28:52 [INFO ] 德州扑克 AI Agent 启动中
23:28:53 [INFO ] 系统就绪，开始扫描游戏窗口
23:31:05 [INFO ] >>> 行动回合 | 阶段=PRE_FLOP
23:31:08 [INFO ] 手牌: 8d, 6s
23:31:08 [INFO ] 公共牌: 未知
23:31:09 [INFO ] 底池=0  筹码=1690  跟注=0 (check)
23:31:09 [INFO ] 成牌=高牌  听牌=无  outs=0  起手=边缘牌
23:31:09 [INFO ] 请求 AI 决策...
23:31:12 [INFO ] AI=CHECK  金额=0  理由=手牌为边缘牌，现阶段底池为0且无需支付，选择免费看翻牌是标准策略。
23:31:13 [INFO ] 动作执行完毕，等待下一轮
23:31:45 [INFO ] >>> 行动回合 | 阶段=PRE_FLOP
23:31:45 [INFO ] 公共牌: 未知
23:31:46 [INFO ] 底池=0  筹码=1690  跟注=10 (call)
23:31:46 [INFO ] 成牌=高牌  听牌=无  outs=0  起手=边缘牌
23:31:46 [INFO ] 请求 AI 决策...
23:31:48 [INFO ] AI=FOLD  金额=0  理由=手牌8d6s为边缘牌，底池赔率要求100%胜率，当前无听牌，成牌概率低，选择弃牌避免损失。
23:31:48 [INFO ] 动作执行完毕，等待下一轮
23:32:02 [INFO ] 新对局，记忆已清空
23:32:16 [INFO ] >>> 行动回合 | 阶段=PRE_FLOP
23:32:17 [INFO ] 手牌: ?s, ?s
23:32:18 [INFO ] 公共牌: 未知
23:32:18 [INFO ] 底池=0  筹码=1690  跟注=0 (check)
23:32:18 [INFO ] 成牌=一对  听牌=无  outs=0  起手=小对子(66-)
23:32:18 [INFO ] 请求 AI 决策...
23:32:22 [INFO ] AI=CHECK  金额=0  理由=小对子在翻牌前有潜在价值，可以免费看翻牌尝试中暗三条。由于底池赔率无限，check是最优选择。
23:32:22 [INFO ] 动作执行完毕，等待下一轮
23:33:23 [INFO ] >>> 行动回合 | 阶段=FLOP
23:33:24 [INFO ] 公共牌: 1c, 1h, 9s
23:33:25 [INFO ] 底池=4035  筹码=1680  跟注=20 (call)
23:33:25 [INFO ] 成牌=四条  听牌=无  outs=0  起手=小对子(66-)
23:33:25 [INFO ] 请求 AI 决策...
23:33:33 [INFO ] AI=RAISE  金额=1680  理由=手牌为四条，是当前牌面坚果，几乎不可能被击败，且底池赔率极佳。全下可以最大化价值，吸引对手跟注。
23:33:36 [INFO ] 动作执行完毕，等待下一轮
23:34:03 [INFO ] >>> 行动回合 | 阶段=FLOP
23:34:03 [INFO ] 公共牌: 1c, 1h, 9s
23:34:04 [INFO ] 底池=4035  筹码=1640  跟注=20 (call)
23:34:04 [INFO ] 成牌=四条  听牌=无  outs=0  起手=小对子(66-)
23:34:04 [INFO ] 请求 AI 决策...
23:34:12 [INFO ] AI=RAISE  金额=1640  理由=当前成牌为四条，是极强牌型，且底池赔率极好。对手在翻牌阶段有重注，可能持有强牌，但四条几乎不可能被击败。加注全下以获取最大价值，并保护手牌免受听牌威胁。
23:34:13 [INFO ] 动作执行完毕，等待下一轮
23:35:14 [INFO ] 新对局，记忆已清空
23:35:45 [INFO ] >>> 行动回合 | 阶段=PRE_FLOP
23:35:46 [INFO ] 手牌: 1h, Kd
23:35:46 [INFO ] 公共牌: 未知
23:35:47 [INFO ] 底池=0  筹码=1635  跟注=5 (call)
23:35:47 [INFO ] 成牌=高牌  听牌=无  outs=0  起手=K带小
23:35:47 [INFO ] 请求 AI 决策...
23:35:54 [INFO ] AI=FOLD  金额=0  理由=手牌评级为K带小，成牌弱，底池赔率要求100%胜率，不值得跟注
23:35:55 [INFO ] 动作执行完毕，等待下一轮
23:37:15 [INFO ] 程序由用户停止
