13:53:45 [INFO ] 日志文件: logs\20260525_135345.log
13:53:45 [INFO ] 德州扑克 AI Agent 启动中
13:53:45 [INFO ] 系统就绪，开始扫描游戏窗口
13:54:25 [INFO ] >>> 行动回合 | 阶段=PRE_FLOP
13:54:26 [INFO ] 手牌: 5s, 4h
13:54:26 [INFO ] 公共牌: 未知
13:54:28 [INFO ] 底池=0  筹码=1414  跟注=36 (call)
13:54:28 [INFO ] 成牌=高牌  听牌=无  outs=0  起手=边缘牌
13:54:28 [INFO ] 请求 AI 决策...
13:54:30 [INFO ] AI=FOLD  金额=0  理由=手牌5s4h为边缘牌，胜率极低，底池赔率要求100%胜率，且无任何听牌潜力，弃牌是最优选择。
13:54:31 [INFO ] 动作执行完毕，等待下一轮
13:55:47 [INFO ] 新对局，记忆已清空
13:56:14 [INFO ] >>> 行动回合 | 阶段=PRE_FLOP
13:56:15 [INFO ] 手牌: Ts, Kc
13:56:15 [INFO ] 公共牌: 未知
13:56:15 [INFO ] 底池=0  筹码=1411  跟注=63 (call)
13:56:15 [INFO ] 成牌=高牌  听牌=无  outs=0  起手=K带小
13:56:15 [INFO ] 请求 AI 决策...
13:56:18 [INFO ] AI=FOLD  金额=0  理由=起手牌KT非同花评级仅2/10，底池赔率要求100%胜率，实际胜率远低于此，且无听牌和补牌，弃牌是最佳选择。
13:56:18 [INFO ] 动作执行完毕，等待下一轮
13:56:39 [INFO ] 新对局，记忆已清空
13:57:02 [INFO ] >>> 行动回合 | 阶段=PRE_FLOP
13:57:02 [INFO ] 手牌: 7h, 9s
13:57:03 [INFO ] 公共牌: 未知
13:57:03 [INFO ] 底池=0  筹码=1411  跟注=6 (call)
13:57:03 [INFO ] 成牌=高牌  听牌=无  outs=0  起手=边缘牌
13:57:03 [INFO ] 请求 AI 决策...
13:57:05 [INFO ] AI=FOLD  金额=0  理由=手牌7h9s是边缘牌，底池赔率极差，无听牌，胜率低，选择弃牌。
13:57:05 [INFO ] 动作执行完毕，等待下一轮
13:58:40 [INFO ] 新对局，记忆已清空
13:58:54 [INFO ] >>> 行动回合 | 阶段=PRE_FLOP
13:58:54 [INFO ] 手牌: Kc, 5s
13:58:54 [INFO ] 公共牌: 未知
13:58:55 [INFO ] 底池=0  筹码=1411  跟注=6 (call)
13:58:55 [INFO ] 成牌=高牌  听牌=无  outs=0  起手=K带小
13:58:55 [INFO ] 请求 AI 决策...
13:58:57 [INFO ] AI=FOLD  金额=0  理由=手牌极弱，底池赔率不利，弃牌为上。
13:58:58 [INFO ] 动作执行完毕，等待下一轮
14:00:36 [INFO ] 新对局，记忆已清空
14:01:01 [INFO ] 程序由用户停止
