18:06:05 [INFO ] 日志文件: logs\20260526_180605.log
18:06:05 [INFO ] 德州扑克 AI Agent 启动中
18:06:05 [INFO ] 系统就绪，开始扫描游戏窗口
18:09:32 [INFO ] >>> 行动回合 | 阶段=PRE_FLOP
18:09:32 [INFO ] 手牌: 3d, 2h
18:09:32 [INFO ] 公共牌: 未知
18:09:35 [INFO ] 底池=0  筹码=596  跟注=0 (check)
18:09:35 [INFO ] 成牌=高牌  听牌=无  outs=0  起手=边缘牌
18:09:35 [INFO ] 请求 AI 决策...
18:09:38 [INFO ] AI=CHECK  金额=0  理由=手牌极差（3d2h），但当前是免费看牌，硬性约束禁止fold，选择check过牌等待翻牌圈。
18:09:39 [INFO ] 动作执行完毕，等待下一轮
18:10:11 [INFO ] >>> 行动回合 | 阶段=PRE_FLOP
18:10:11 [INFO ] 公共牌: 未知
18:10:12 [INFO ] 底池=0  筹码=596  跟注=0 (check)
18:10:12 [INFO ] 成牌=高牌  听牌=无  outs=0  起手=边缘牌
18:10:12 [INFO ] 请求 AI 决策...
18:10:14 [INFO ] AI=CHECK  金额=0  理由=手牌极差，但免费看牌，遵守硬约束选择check。
18:10:15 [INFO ] 动作执行完毕，等待下一轮
18:10:43 [INFO ] >>> 行动回合 | 阶段=FLOP
18:10:43 [INFO ] 公共牌: 4s, Td, 5d
18:10:43 [INFO ] 底池=100  筹码=576  跟注=0 (check)
18:10:43 [INFO ] 成牌=高牌  听牌=无  outs=0  起手=边缘牌
18:10:43 [INFO ] 请求 AI 决策...
18:10:49 [INFO ] AI=CHECK  金额=0  理由=手牌3d2h是极弱的垃圾牌，无对无听牌，胜率极低。虽然底池赔率无限且无需支付，但过牌不会损失任何筹码，且有机会在后续回合中形成顺子或对子。然而，考虑到手牌强度过低，fold是更常见的选择，但此处选择check以遵循避免过度弃牌的原则。
18:10:49 [INFO ] 动作执行完毕，等待下一轮
18:11:16 [INFO ] >>> 行动回合 | 阶段=FLOP
18:11:16 [INFO ] 公共牌: 4s, Td, 5d
18:11:17 [INFO ] 底池=100  筹码=576  跟注=0 (check)
18:11:17 [INFO ] 成牌=高牌  听牌=无  outs=0  起手=边缘牌
18:11:17 [INFO ] 请求 AI 决策...
18:11:22 [INFO ] AI=CHECK  金额=0  理由=手牌极弱，无任何听牌或对子，牌面不相关。当前底池赔率无限，但翻牌后几乎无胜率。选择check免费看下一张牌，虽然希望渺茫，但无需额外投入。
18:11:23 [INFO ] 动作执行完毕，等待下一轮
18:11:58 [INFO ] >>> 行动回合 | 阶段=TURN
18:11:59 [INFO ] 公共牌: 4s, Td, 5d, 3s
18:11:59 [INFO ] 底池=180  筹码=556  跟注=2 (call)
18:11:59 [INFO ] 成牌=一对  听牌=无  outs=5  起手=边缘牌
18:11:59 [INFO ] 请求 AI 决策...
18:12:06 [INFO ] AI=CALL  金额=2  理由=底池赔率极佳（180:2，仅需1.1%胜率），硬约束指示胜率约20%>所需，禁止fold。跟注成本低，手牌有底对和顺子听牌潜力，符合策略引导。
18:12:06 [INFO ] 动作执行完毕，等待下一轮
18:12:26 [INFO ] >>> 行动回合 | 阶段=RIVER
18:12:26 [INFO ] 公共牌: 4s, Td, 5d, 3s, 7h
18:12:27 [INFO ] 底池=396  筹码=584  跟注=69 (call)
18:12:27 [INFO ] 成牌=一对  听牌=无  outs=5  起手=边缘牌
18:12:27 [INFO ] 请求 AI 决策...
18:12:32 [INFO ] AI=FOLD  金额=0  理由=手牌仅为底对3，且踢脚极小，牌面顺子听牌众多，对手连续下注表现强势，胜率远低于底池赔率要求的14.8%，弃牌是理性选择。
18:12:32 [INFO ] 动作执行完毕，等待下一轮
18:12:44 [INFO ] 新对局，记忆已清空
18:12:56 [INFO ] 程序由用户停止
