13:10:28 [INFO ] 日志文件: logs\20260529_131028.log
13:10:28 [INFO ] 德州扑克 AI Agent 启动中
13:10:28 [INFO ] 系统就绪，开始扫描游戏窗口
13:10:28 [INFO ] 日志服务器: http://172.26.46.235:8080
13:10:30 [INFO ] 公网访问: https://favored-visitor-economic.ngrok-free.dev
13:11:23 [INFO ] >>> 行动回合 | 阶段=PRE_FLOP
13:11:26 [INFO ] 手牌: 8h, 4d
13:11:26 [INFO ] 公共牌: 未知
13:11:28 [INFO ] 底池=0  筹码=1380  跟注=308 (call)
13:11:28 [INFO ] 成牌=高牌  听牌=无  outs=0  起手=边缘牌
13:11:28 [INFO ] 请求 AI 决策...
13:11:31 [INFO ] AI=FOLD  金额=0  理由=手牌8h4d极弱，对手翻前大额加注显示强牌力，跟注赔率差且无位置优势，弃牌是最优选择。
13:11:32 [INFO ] 动作执行完毕，等待下一轮
13:12:24 [INFO ] 新对局，记忆已清空
13:13:06 [INFO ] >>> 行动回合 | 阶段=PRE_FLOP
13:13:08 [INFO ] 手牌: 7s, Th
13:13:08 [INFO ] 公共牌: 未知
13:13:09 [INFO ] 底池=0  筹码=1370  跟注=30 (call)
13:13:09 [INFO ] 成牌=高牌  听牌=无  outs=0  起手=边缘牌
13:13:09 [INFO ] 请求 AI 决策...
13:13:15 [INFO ] AI=FOLD  金额=0  理由=手牌7To极弱，分数1/10，几乎没有可玩性。虽然跟注成本低（2.1%筹码），但长期来看频繁入池此类边缘牌会损失EV。策略引导中'倾向跟注'适用于有一定可玩性的手牌，但此手牌不具备。放弃等待更好机会。
13:13:16 [INFO ] 动作执行完毕，等待下一轮
13:14:10 [INFO ] 新对局，记忆已清空
13:14:32 [INFO ] >>> 行动回合 | 阶段=PRE_FLOP
13:14:33 [INFO ] 手牌: 2c, 6h
13:14:33 [INFO ] 公共牌: 未知
13:14:35 [INFO ] 底池=0  筹码=1370  跟注=20 (call)
13:14:35 [INFO ] 成牌=高牌  听牌=无  outs=0  起手=边缘牌
13:14:35 [INFO ] 请求 AI 决策...
13:14:39 [INFO ] AI=FOLD  金额=0  理由=手牌2c6h为极差起手牌（1/10），几乎没有可玩性。虽然策略引导倾向于宽松入池，但此手牌即使在赔率合适时也难以获利，且跟注20占用筹码比例虽低但长期-EV，故选择弃牌。
13:14:40 [INFO ] 动作执行完毕，等待下一轮
13:15:33 [INFO ] 新对局，记忆已清空
13:15:46 [INFO ] >>> 行动回合 | 阶段=PRE_FLOP
13:15:47 [INFO ] 手牌: 4c, 9d
13:15:47 [INFO ] 公共牌: 未知
13:15:49 [INFO ] 底池=0  筹码=1370  跟注=20 (call)
13:15:49 [INFO ] 成牌=高牌  听牌=无  outs=0  起手=边缘牌
13:15:49 [INFO ] 请求 AI 决策...
13:15:51 [INFO ] AI=CALL  金额=20  理由=手牌边缘但赔率合适，跟注20入池观察翻牌，避免过度弃牌。
13:15:51 [INFO ] 动作执行完毕，等待下一轮
13:16:33 [INFO ] >>> 行动回合 | 阶段=FLOP
13:16:34 [INFO ] 公共牌: Jh, 3h, Ah
13:16:36 [INFO ] 底池=50  筹码=1350  跟注=50 (call)
13:16:36 [INFO ] 成牌=高牌  听牌=无  outs=0  起手=边缘牌
13:16:36 [INFO ] 请求 AI 决策...
13:16:39 [INFO ] AI=FOLD  金额=0  理由=手牌4c9d为纯空气牌，未击中翻牌圈任何牌面，且无任何听牌（无同花听牌、无顺子听牌）。对手翻前范围较宽，翻后下注重注（100%底池），牌面具有同花威胁，对手可能持有强成牌或同花听牌。当前所需胜率50%，而手牌实际胜率极低，弃牌是最优决策。
13:16:40 [INFO ] 动作执行完毕，等待下一轮
13:16:51 [INFO ] 新对局，记忆已清空
13:17:34 [INFO ] >>> 行动回合 | 阶段=PRE_FLOP
13:17:36 [INFO ] 手牌: 6h, 5s
13:17:36 [INFO ] 公共牌: 未知
13:17:38 [INFO ] 底池=0  筹码=1330  跟注=160 (call)
13:17:38 [INFO ] 成牌=高牌  听牌=无  outs=0  起手=边缘牌
13:17:38 [INFO ] 请求 AI 决策...
13:17:42 [INFO ] AI=FOLD  金额=0  理由=手牌65o强度极低（1/10），面对中等加注且无位置优势，底池赔率不具吸引力，跟注长期-EV，因此选择弃牌。
13:17:43 [INFO ] 动作执行完毕，等待下一轮
13:18:05 [INFO ] 新对局，记忆已清空
13:18:36 [INFO ] >>> 行动回合 | 阶段=PRE_FLOP
13:18:38 [INFO ] 手牌: 7d, 7s
13:18:38 [INFO ] 公共牌: 未知
13:18:40 [INFO ] 底池=0  筹码=1320  跟注=30 (call)
13:18:40 [INFO ] 成牌=一对  听牌=无  outs=0  起手=小对子(88-77)
13:18:40 [INFO ] 请求 AI 决策...
13:18:42 [INFO ] AI=CALL  金额=30  理由=手牌77是小对子，硬约束禁止弃牌，且跟注成本仅2.2%筹码，适合便宜入池看翻牌中三条。
13:18:43 [INFO ] 动作执行完毕，等待下一轮
13:18:58 [INFO ] >>> 行动回合 | 阶段=FLOP
13:18:59 [INFO ] 公共牌: 3c, 6h, 9c
13:19:01 [INFO ] 底池=120  筹码=1290  跟注=0 (check)
13:19:01 [INFO ] 成牌=一对  听牌=无  outs=5  起手=小对子(88-77)
13:19:01 [INFO ] 请求 AI 决策...
13:19:05 [INFO ] AI=CHECK  金额=0  理由=中对7在干燥面具有摊牌价值，SPR较高，控制底池优先，避免主动造池，check符合策略引导。
13:19:06 [INFO ] 动作执行完毕，等待下一轮
13:19:22 [INFO ] >>> 行动回合 | 阶段=TURN
13:19:22 [INFO ] 公共牌: 3c, 6h, 9c, 5s
13:19:24 [INFO ] 底池=120  筹码=1290  跟注=0 (check)
13:19:24 [INFO ] 成牌=一对  听牌=['两头顺听牌']  outs=13  起手=小对子(88-77)
13:19:24 [INFO ] 请求 AI 决策...
13:19:30 [INFO ] AI=CHECK  金额=0  理由=对手连续示弱，我们持中对加两头顺听牌（outs=13），既有摊牌价值又有强听牌。根据控池原则，中等成牌优先check/call，免费看河牌，避免造池。同时硬约束禁止fold，check是合理选择。
13:19:30 [INFO ] 动作执行完毕，等待下一轮
13:19:47 [INFO ] >>> 行动回合 | 阶段=TURN
13:19:48 [INFO ] 公共牌: 3c, 6h, 9c, 5s
13:19:50 [INFO ] 底池=120  筹码=1290  跟注=20 (call)
13:19:50 [INFO ] 成牌=一对  听牌=['两头顺听牌']  outs=13  起手=小对子(88-77)
13:19:50 [INFO ] 请求 AI 决策...
13:19:56 [INFO ] AI=CALL  金额=20  理由=持有中对77，兼具两头顺听牌（8 outs）和三条补牌（2 outs），总outs=13，胜率约26% > 所需14.3%，硬约束禁止弃牌。对手转牌小注20（17%底池），范围较宽，可能为试探或弱成牌。跟注可以控制底池，利用摊牌价值并保留听牌成牌机会，符合中等成牌优先控池的策略。
13:19:57 [INFO ] 动作执行完毕，等待下一轮
13:20:05 [INFO ] >>> 行动回合 | 阶段=RIVER
13:20:06 [INFO ] 公共牌: 3c, 6h, 9c, 5s, Ad
13:20:07 [INFO ] 底池=180  筹码=1270  跟注=0 (check)
13:20:07 [INFO ] 成牌=一对  听牌=['两头顺听牌']  outs=13  起手=小对子(88-77)
13:20:07 [INFO ] 请求 AI 决策...
13:20:13 [INFO ] AI=CHECK  金额=0  理由=底对7有摊牌价值，对手转牌小注后河牌check示弱，控制底池优先check免费摊牌，避免下注被更好牌跟注或加注。
13:20:14 [INFO ] 动作执行完毕，等待下一轮
13:20:25 [INFO ] >>> 行动回合 | 阶段=RIVER
13:20:26 [INFO ] 公共牌: 3c, 6h, 9c, 5s, Ad
13:20:28 [INFO ] 底池=180  筹码=1270  跟注=20 (call)
13:20:28 [INFO ] 成牌=一对  听牌=['两头顺听牌']  outs=13  起手=小对子(88-77)
13:20:28 [INFO ] 请求 AI 决策...
13:20:37 [INFO ] AI=CALL  金额=0  理由=手牌底对7有摊牌价值，对手河牌下小注11%底池，赔率合适（约10%胜率），且对手范围宽，可能持有更弱的对子或诈唬。根据策略引导，避免过度弃牌，倾向于跟注。加注会赶走更差牌且无强牌价值，故选择跟注。
13:20:38 [INFO ] 动作执行完毕，等待下一轮
13:21:07 [INFO ] 新对局，记忆已清空
13:21:26 [INFO ] >>> 行动回合 | 阶段=PRE_FLOP
13:21:28 [INFO ] 手牌: 5d, 3d
13:21:28 [INFO ] 公共牌: 未知
13:21:30 [INFO ] 底池=0  筹码=1490  跟注=20 (call)
13:21:30 [INFO ] 成牌=高牌  听牌=无  outs=0  起手=边缘牌
13:21:30 [INFO ] 请求 AI 决策...
13:21:32 [INFO ] AI=CALL  金额=20  理由=手牌极边缘（5d3d），但硬约束禁止弃牌，且赔率合适（1.3%筹码占比），选择跟注低成本入池，利用位置和潜在同花听牌。
13:21:32 [INFO ] 动作执行完毕，等待下一轮
13:21:53 [INFO ] >>> 行动回合 | 阶段=PRE_FLOP
13:21:54 [INFO ] 公共牌: 未知
13:21:56 [INFO ] 底池=0  筹码=1470  跟注=100 (call)
13:21:56 [INFO ] 成牌=高牌  听牌=无  outs=0  起手=边缘牌
13:21:56 [INFO ] 请求 AI 决策...
13:22:00 [INFO ] AI=FOLD  金额=0  理由=手牌5d3d过于边缘，对手re-raise范围收窄至强牌，跟注100赔率不利且翻后难以实现胜率，弃牌为上策。
13:22:01 [INFO ] 动作执行完毕，等待下一轮
13:23:26 [INFO ] 新对局，记忆已清空
13:23:40 [INFO ] >>> 行动回合 | 阶段=PRE_FLOP
13:23:41 [INFO ] 手牌: 5d, Kc
13:23:41 [INFO ] 公共牌: 未知
13:23:43 [INFO ] 底池=0  筹码=1470  跟注=20 (call)
13:23:43 [INFO ] 成牌=高牌  听牌=无  outs=0  起手=K带小
13:23:43 [INFO ] 请求 AI 决策...
13:23:46 [INFO ] AI=CALL  金额=20  理由=手牌分数为2，属于极边缘牌，但硬约束禁止弃牌，且跟注成本仅占筹码1.3%，赔率合适，选择跟注防守。
13:23:46 [INFO ] 动作执行完毕，等待下一轮
13:24:17 [INFO ] >>> 行动回合 | 阶段=PRE_FLOP
13:24:17 [INFO ] 公共牌: 未知
13:24:18 [INFO ] 底池=0  筹码=1450  跟注=100 (call)
13:24:18 [INFO ] 成牌=高牌  听牌=无  outs=0  起手=K带小
13:24:18 [INFO ] 请求 AI 决策...
13:24:23 [INFO ] AI=FOLD  金额=0  理由=手牌K5o极弱，面对对手re-raise后的强范围胜率极低，跟注100筹码占比6.5%但赔率不足以弥补劣势，弃牌为最优选择。
13:24:23 [INFO ] 动作执行完毕，等待下一轮
13:26:11 [INFO ] 新对局，记忆已清空
13:26:52 [INFO ] >>> 行动回合 | 阶段=PRE_FLOP
13:26:54 [INFO ] 手牌: 3d, Th
13:26:54 [INFO ] 公共牌: 未知
13:26:56 [INFO ] 底池=0  筹码=1430  跟注=180 (call)
13:26:56 [INFO ] 成牌=高牌  听牌=无  outs=0  起手=边缘牌
13:26:56 [INFO ] 请求 AI 决策...
13:27:00 [INFO ] AI=FOLD  金额=0  理由=起手牌3dTh极差（分数1/10），面对对手中等加注，跟注赔率不足且无可玩性，长期-EV，故弃牌。
13:27:00 [INFO ] 动作执行完毕，等待下一轮
13:27:42 [INFO ] 新对局，记忆已清空
13:28:13 [INFO ] >>> 行动回合 | 阶段=PRE_FLOP
13:28:15 [INFO ] 手牌: Qs, 2s
13:28:15 [INFO ] 公共牌: 未知
13:28:17 [INFO ] 底池=0  筹码=1420  跟注=30 (call)
13:28:17 [INFO ] 成牌=高牌  听牌=无  outs=0  起手=边缘牌
13:28:17 [INFO ] 请求 AI 决策...
13:28:19 [INFO ] AI=CALL  金额=30  理由=手牌极边缘，硬约束禁止弃牌，底池赔率合适，选择极低成本跟注防守。
13:28:19 [INFO ] 动作执行完毕，等待下一轮
13:28:35 [INFO ] >>> 行动回合 | 阶段=FLOP
13:28:36 [INFO ] 公共牌: Kh, Ts, Qh
13:28:38 [INFO ] 底池=120  筹码=1390  跟注=0 (check)
13:28:38 [INFO ] 成牌=一对  听牌=无  outs=5  起手=边缘牌
13:28:38 [INFO ] 请求 AI 决策...
13:28:48 [INFO ] AI=CHECK  金额=0  理由=手牌为中对Q，牌面潮湿且有顺子听牌，作为中等成牌不宜主动造池，遵循控池原则选择免费看牌。硬约束禁止弃牌，check是最优决策。
13:28:48 [INFO ] 动作执行完毕，等待下一轮
13:29:01 [INFO ] >>> 行动回合 | 阶段=FLOP
13:29:02 [INFO ] 公共牌: Kh, Ts, Qh
13:29:04 [INFO ] 底池=120  筹码=1390  跟注=120 (call)
13:29:04 [INFO ] 成牌=一对  听牌=无  outs=5  起手=边缘牌
13:29:04 [INFO ] 请求 AI 决策...
13:29:16 [INFO ] AI=CALL  金额=120  理由=手中中对Q，牌面潮湿但无听牌，对手重注可能代表强牌或听牌。跟注控制底池，利用位置和摊牌价值，底池赔率合适，策略倾向于继续。
13:29:16 [INFO ] 动作执行完毕，等待下一轮
13:29:27 [INFO ] >>> 行动回合 | 阶段=TURN
13:29:28 [INFO ] 公共牌: Kh, Ts, Qh, 2c
13:29:29 [INFO ] 底池=360  筹码=1270  跟注=0 (check)
13:29:29 [INFO ] 成牌=两对  听牌=无  outs=4  起手=边缘牌
13:29:29 [INFO ] 请求 AI 决策...
13:29:42 [INFO ] AI=CHECK  金额=0  理由=手牌为两对，在潮湿牌面有一定价值但非坚果。对手翻牌下注后转牌check，可能示弱或诱导。遵循控池原则，避免主动建造大底池，免费看河牌更优。
13:29:43 [INFO ] 动作执行完毕，等待下一轮
13:29:52 [INFO ] >>> 行动回合 | 阶段=TURN
13:29:53 [INFO ] 公共牌: Kh, Ts, Qh, 2c
13:29:55 [INFO ] 底池=360  筹码=1270  跟注=360 (call)
13:29:55 [INFO ] 成牌=两对  听牌=无  outs=4  起手=边缘牌
13:29:55 [INFO ] 请求 AI 决策...
13:30:03 [INFO ] AI=FOLD  金额=0  理由=对手翻牌和转牌连续重注（100%底池），示强明显。我方Q2两对牌力脆弱，牌面连接性强，对手可能已成顺子或更大两对/三条。所需胜率50%，我方对抗对手重注范围大概率不足。遵循pot_control原则，避免造大底池，弃牌为上。
13:30:04 [INFO ] 动作执行完毕，等待下一轮
13:30:15 [INFO ] 新对局，记忆已清空
13:30:36 [INFO ] >>> 行动回合 | 阶段=PRE_FLOP
13:30:38 [INFO ] 手牌: Tc, 6d
13:30:38 [INFO ] 公共牌: 未知
13:30:39 [INFO ] 底池=0  筹码=1270  跟注=40 (call)
13:30:39 [INFO ] 成牌=高牌  听牌=无  outs=0  起手=边缘牌
13:30:39 [INFO ] 请求 AI 决策...
13:30:43 [INFO ] AI=FOLD  金额=0  理由=手牌Tc6d极弱，胜率远低于50%，底池赔率1:1不划算，对手范围宽但无有效可玩性，弃牌是标准选择。
13:30:43 [INFO ] 动作执行完毕，等待下一轮
13:31:43 [INFO ] >>> 行动回合 | 阶段=PRE_FLOP
13:31:44 [INFO ] 公共牌: 未知
13:31:45 [INFO ] 底池=0  筹码=1270  跟注=20 (call)
13:31:45 [INFO ] 成牌=高牌  听牌=无  outs=0  起手=边缘牌
13:31:45 [INFO ] 请求 AI 决策...
13:31:53 [INFO ] AI=FOLD  金额=0  理由=手牌极弱（Tc6o，分数1/10），翻前遭遇re-raise，对手范围极可能为强牌。底池为0，跟注20无赔率优势，且投入后无直接回报。策略上应避免用边缘牌对抗强范围，弃牌是最优选择。
13:31:53 [INFO ] 动作执行完毕，等待下一轮
13:32:46 [INFO ] 新对局，记忆已清空
13:33:44 [INFO ] >>> 行动回合 | 阶段=PRE_FLOP
13:33:46 [INFO ] 手牌: 9s, Th
13:33:46 [INFO ] 公共牌: 未知
13:33:47 [INFO ] 底池=0  筹码=1270  跟注=30 (call)
13:33:47 [INFO ] 成牌=高牌  听牌=无  outs=0  起手=边缘牌
13:33:47 [INFO ] 请求 AI 决策...
13:33:50 [INFO ] AI=CALL  金额=30  理由=边缘牌但有一定可玩性，赔率合适，且跟注成本低，避免过度弃牌。
13:33:50 [INFO ] 动作执行完毕，等待下一轮
13:34:10 [INFO ] >>> 行动回合 | 阶段=FLOP
13:34:11 [INFO ] 公共牌: 4s, Ac, Ts
13:34:13 [INFO ] 底池=100  筹码=1240  跟注=0 (check)
13:34:13 [INFO ] 成牌=一对  听牌=无  outs=5  起手=边缘牌
13:34:13 [INFO ] 请求 AI 决策...
13:34:18 [INFO ] AI=CHECK  金额=0  理由=手牌为中对T，牌面干燥，胜率约20%高于所需0%，硬约束禁止fold。根据策略引导，中等成牌应优先控制底池，且免费看牌，因此选择check。
13:34:18 [INFO ] 动作执行完毕，等待下一轮
13:34:31 [INFO ] >>> 行动回合 | 阶段=TURN
13:34:31 [INFO ] 公共牌: 4s, Ac, Ts, 7d
13:34:33 [INFO ] 底池=100  筹码=1240  跟注=0 (check)
13:34:33 [INFO ] 成牌=一对  听牌=无  outs=5  起手=边缘牌
13:34:33 [INFO ] 请求 AI 决策...
13:34:36 [INFO ] AI=CHECK  金额=0  理由=手牌为中对T，有摊牌价值，且底池赔率合适，对手连续示弱，选择免费看河牌，控制底池规模。
13:34:37 [INFO ] 动作执行完毕，等待下一轮
13:34:48 [INFO ] >>> 行动回合 | 阶段=RIVER
13:34:49 [INFO ] 公共牌: 4s, Ac, Ts, 7d, 7h
13:34:51 [INFO ] 底池=100  筹码=1240  跟注=0 (check)
13:34:51 [INFO ] 成牌=两对  听牌=无  outs=4  起手=边缘牌
13:34:51 [INFO ] 请求 AI 决策...
13:34:55 [INFO ] AI=RAISE  金额=50  理由=两对牌力在河牌属于强成牌，对手连续check示弱，可能持有中等牌或听牌未中，下注半个底池获取薄价值，同时避免过度造池。硬约束禁止fold，因此选择bet。
13:35:38 [INFO ] 动作执行完毕，等待下一轮
13:35:55 [INFO ] 新对局，记忆已清空
13:36:09 [INFO ] >>> 行动回合 | 阶段=PRE_FLOP
13:36:10 [INFO ] 手牌: 7h, 3s
13:36:10 [INFO ] 公共牌: 未知
13:36:12 [INFO ] 底池=0  筹码=1390  跟注=20 (call)
13:36:12 [INFO ] 成牌=高牌  听牌=无  outs=0  起手=边缘牌
13:36:12 [INFO ] 请求 AI 决策...
13:36:16 [INFO ] AI=FOLD  金额=0  理由=手牌7h3s极差，分数1/10，跟注20仅1:1底池赔率，对抗任意宽范围胜率远低于50%，缺乏可玩性，弃牌为上策。
13:36:16 [INFO ] 动作执行完毕，等待下一轮
13:37:54 [INFO ] 新对局，记忆已清空
13:38:08 [INFO ] >>> 行动回合 | 阶段=PRE_FLOP
13:38:09 [INFO ] 手牌: 5c, 8d
13:38:09 [INFO ] 公共牌: 未知
13:38:11 [INFO ] 底池=0  筹码=1390  跟注=20 (call)
13:38:11 [INFO ] 成牌=高牌  听牌=无  outs=0  起手=边缘牌
13:38:11 [INFO ] 请求 AI 决策...
13:38:14 [INFO ] AI=FOLD  金额=0  理由=手牌5c8d分数极低(1/10)，没有可玩性，且对手翻前范围虽宽但跟注20的赔率不足以补偿如此弱的起手牌。策略引导虽倾向于入池，但此手牌明显负EV，应弃牌。
13:38:15 [INFO ] 动作执行完毕，等待下一轮
13:40:13 [INFO ] 新对局，记忆已清空
13:40:53 [INFO ] >>> 行动回合 | 阶段=PRE_FLOP
13:40:55 [INFO ] 手牌: Ac, 3h
13:40:55 [INFO ] 公共牌: 未知
13:40:56 [INFO ] 底池=0  筹码=1370  跟注=60 (call)
13:40:56 [INFO ] 成牌=高牌  听牌=无  outs=0  起手=A带小
13:40:56 [INFO ] 请求 AI 决策...
13:41:00 [INFO ] AI=CALL  金额=60  理由=硬约束禁止fold，手牌极边缘，赔率合适，跟注防守。
13:41:00 [INFO ] 动作执行完毕，等待下一轮
13:41:11 [INFO ] >>> 行动回合 | 阶段=FLOP
13:41:12 [INFO ] 公共牌: 2h, Qc, 8c
13:41:14 [INFO ] 底池=170  筹码=1310  跟注=0 (check)
13:41:14 [INFO ] 成牌=高牌  听牌=无  outs=0  起手=A带小
13:41:14 [INFO ] 请求 AI 决策...
13:41:17 [INFO ] AI=CHECK  金额=0  理由=免费看牌机会，手牌A高无听牌但有可能在后续回合提升，下注无法获取价值且可能遭遇反加，选择过牌控制底池并观察转牌。
13:41:17 [INFO ] 动作执行完毕，等待下一轮
13:41:30 [INFO ] >>> 行动回合 | 阶段=TURN
13:41:31 [INFO ] 公共牌: 2h, Qc, 8c, 3c
13:41:33 [INFO ] 底池=170  筹码=1310  跟注=0 (check)
13:41:33 [INFO ] 成牌=一对  听牌=['同花听牌']  outs=14  起手=A带小
13:41:33 [INFO ] 请求 AI 决策...
13:41:41 [INFO ] AI=CHECK  金额=0  理由=手牌为底对3加上同花听牌，outs较多但成牌弱，对手连续check示弱，免费看河牌性价比高，符合中等成牌控池原则，避免高SPR下主动建造底池。
13:41:41 [INFO ] 动作执行完毕，等待下一轮
13:41:52 [INFO ] >>> 行动回合 | 阶段=TURN
13:41:53 [INFO ] 公共牌: 2h, Qc, 8c, 3c
13:41:55 [INFO ] 底池=170  筹码=1310  跟注=68 (call)
13:41:55 [INFO ] 成牌=一对  听牌=['同花听牌']  outs=14  起手=A带小
13:41:55 [INFO ] 请求 AI 决策...
13:41:59 [INFO ] AI=CALL  金额=68  理由=手牌为底对3加同花听牌，共14张outs，底池赔率约28.6%，胜率约30%略高于需求。硬约束允许半诈唬加注，但策略引导建议中等成牌控制底池，且对手转牌下注可能有一定牌力，跟注更稳妥，避免在不利情况下造大底池。
13:42:00 [INFO ] 动作执行完毕，等待下一轮
13:42:07 [INFO ] >>> 行动回合 | 阶段=RIVER
13:42:08 [INFO ] 公共牌: 2h, Qc, 8c, 3c, As
13:42:10 [INFO ] 底池=306  筹码=1242  跟注=0 (check)
13:42:10 [INFO ] 成牌=两对  听牌=['同花听牌']  outs=13  起手=A带小
13:42:10 [INFO ] 请求 AI 决策...
13:42:17 [INFO ] AI=CHECK  金额=0  理由=河牌我们有两对，但牌面存在同花和顺子威胁，牌力不够强。对手转牌下注后河牌check，可能持有强牌或弱牌。我们的两对有一定摊牌价值，但下注可能被更好牌跟注而落后，或者让更差牌弃牌。根据策略，边缘成牌优先check/call控制底池，避免造池给对手诈唬机会。硬约束禁止fold，因此选择check免费摊牌。
13:42:17 [INFO ] 动作执行完毕，等待下一轮
13:42:27 [INFO ] >>> 行动回合 | 阶段=RIVER
13:42:28 [INFO ] 公共牌: 2h, Qc, 8c, 3c, As
13:42:30 [INFO ] 底池=306  筹码=1242  跟注=30 (call)
13:42:30 [INFO ] 成牌=两对  听牌=['同花听牌']  outs=13  起手=A带小
13:42:30 [INFO ] 请求 AI 决策...
13:42:48 [INFO ] AI=CALL  金额=0  理由=拥有顶对A和3的两对，牌力强，对手河牌下注仅10%底池，表明牌力较弱或诈唬。跟注获得摊牌价值，加注可能赶走弱牌并遭遇强牌跟注，风险较高。硬约束不适用，策略引导支持跟注。
13:42:48 [INFO ] 动作执行完毕，等待下一轮
13:43:06 [INFO ] 新对局，记忆已清空
13:43:56 [INFO ] >>> 行动回合 | 阶段=PRE_FLOP
13:43:58 [INFO ] 手牌: Ks, 5h
13:43:58 [INFO ] 公共牌: 未知
13:43:59 [INFO ] 底池=0  筹码=1558  跟注=120 (call)
13:43:59 [INFO ] 成牌=高牌  听牌=无  outs=0  起手=K带小
13:43:59 [INFO ] 请求 AI 决策...
13:44:03 [INFO ] AI=FOLD  金额=0  理由=手牌Ks5h质量极低（2/10），底池赔率极差（底池0，需跟注120），无可玩性，弃牌为最优选择。
13:44:04 [INFO ] 动作执行完毕，等待下一轮
13:44:23 [INFO ] 新对局，记忆已清空
13:45:06 [INFO ] >>> 行动回合 | 阶段=PRE_FLOP
13:45:07 [INFO ] 手牌: 6h, 5c
13:45:07 [INFO ] 公共牌: 未知
13:45:09 [INFO ] 底池=0  筹码=1548  跟注=70 (call)
13:45:09 [INFO ] 成牌=高牌  听牌=无  outs=0  起手=边缘牌
13:45:09 [INFO ] 请求 AI 决策...
13:45:12 [INFO ] AI=CALL  金额=70  理由=手牌6h5c是边缘连牌，但翻前对手小额加注范围较宽，跟注成本仅占筹码4.3%，赔率合适。策略引导倾向于在有一定可玩性时跟注，避免过度弃牌。
13:45:12 [INFO ] 动作执行完毕，等待下一轮
13:45:42 [INFO ] >>> 行动回合 | 阶段=PRE_FLOP
13:45:43 [INFO ] 公共牌: 未知
13:45:45 [INFO ] 底池=0  筹码=1478  跟注=260 (call)
13:45:45 [INFO ] 成牌=高牌  听牌=无  outs=0  起手=边缘牌
13:45:45 [INFO ] 请求 AI 决策...
13:45:48 [INFO ] AI=FOLD  金额=0  理由=手牌65不同色，边缘牌（1/10），面对翻前再加注，对手范围收紧，跟注260不划算，缺乏可玩性且底池赔率不足，选择弃牌。
13:45:49 [INFO ] 动作执行完毕，等待下一轮
13:46:49 [INFO ] 新对局，记忆已清空
13:47:10 [INFO ] >>> 行动回合 | 阶段=PRE_FLOP
13:47:12 [INFO ] 手牌: Jh, 6d
13:47:12 [INFO ] 公共牌: 未知
13:47:13 [INFO ] 底池=0  筹码=1478  跟注=20 (call)
13:47:13 [INFO ] 成牌=高牌  听牌=无  outs=0  起手=边缘牌
13:47:13 [INFO ] 请求 AI 决策...
13:47:17 [INFO ] AI=FOLD  金额=0  理由=手牌Jh6o极弱，胜率低，翻前跟注20缺乏足够可玩性和赔率，应弃牌。
13:47:17 [INFO ] 动作执行完毕，等待下一轮
13:48:10 [INFO ] 新对局，记忆已清空
13:48:24 [INFO ] >>> 行动回合 | 阶段=PRE_FLOP
13:48:25 [INFO ] 手牌: Ad, Js
13:48:25 [INFO ] 公共牌: 未知
13:48:27 [INFO ] 底池=0  筹码=1478  跟注=20 (call)
13:48:27 [INFO ] 成牌=高牌  听牌=无  outs=0  起手=AJ
13:48:27 [INFO ] 请求 AI 决策...
13:48:29 [INFO ] AI=CALL  金额=20  理由=手牌AJ分数6，满足硬约束条件，赔率合适，必须继续。翻前小额跟注，控制底池。
13:48:29 [INFO ] 动作执行完毕，等待下一轮
13:49:05 [INFO ] >>> 行动回合 | 阶段=PRE_FLOP
13:49:05 [INFO ] 公共牌: 未知
13:49:06 [INFO ] 底池=0  筹码=1458  跟注=180 (call)
13:49:06 [INFO ] 成牌=高牌  听牌=无  outs=0  起手=AJ
13:49:06 [INFO ] 请求 AI 决策...
13:49:10 [INFO ] AI=CALL  金额=180  理由=硬约束要求必须继续（手牌分数6≥6且筹码占比11%≤45%，以及AJo offsuit_broadway所需胜率11%≤28%禁止fold）。面对翻前re-raise，跟注180的赔率合适，且手牌有可玩性，选择call。
13:49:10 [INFO ] 动作执行完毕，等待下一轮
13:49:26 [INFO ] >>> 行动回合 | 阶段=FLOP
13:49:27 [INFO ] 公共牌: 7c, Tc, 7h
13:49:29 [INFO ] 底池=310  筹码=1378  跟注=310 (call)
13:49:29 [INFO ] 成牌=一对  听牌=无  outs=5  起手=AJ
13:49:29 [INFO ] 请求 AI 决策...
13:49:33 [INFO ] AI=FOLD  金额=0  理由=翻前对手偏强范围，翻牌无任何听牌，对抗重注胜率极低，弃牌为最优选择。
13:49:34 [INFO ] 动作执行完毕，等待下一轮
13:49:52 [INFO ] 新对局，记忆已清空
13:50:34 [INFO ] >>> 行动回合 | 阶段=PRE_FLOP
13:50:36 [INFO ] 手牌: As, 5s
13:50:36 [INFO ] 公共牌: 未知
13:50:37 [INFO ] 底池=0  筹码=1358  跟注=60 (call)
13:50:37 [INFO ] 成牌=高牌  听牌=无  outs=0  起手=A带小
13:50:37 [INFO ] 请求 AI 决策...
13:50:39 [INFO ] AI=CALL  金额=60  理由=手牌A5s属于投机牌，跟注成本低（仅4.2%筹码），硬约束禁止弃牌，赔率合适，选择便宜入池。
13:50:40 [INFO ] 动作执行完毕，等待下一轮
13:50:57 [INFO ] >>> 行动回合 | 阶段=FLOP
13:50:57 [INFO ] 公共牌: Qs, 4d, 6d
13:50:59 [INFO ] 底池=240  筹码=1298  跟注=0 (check)
13:50:59 [INFO ] 成牌=高牌  听牌=无  outs=0  起手=A带小
13:50:59 [INFO ] 请求 AI 决策...
13:51:01 [INFO ] AI=CHECK  金额=0  理由=手牌A高无听牌，免费看牌情况下没有下注价值，选择check观察转牌。
13:51:02 [INFO ] 动作执行完毕，等待下一轮
13:51:20 [INFO ] >>> 行动回合 | 阶段=FLOP
13:51:21 [INFO ] 公共牌: Qs, 4d, 6d
13:51:23 [INFO ] 底池=240  筹码=1298  跟注=78 (call)
13:51:23 [INFO ] 成牌=高牌  听牌=无  outs=0  起手=A带小
13:51:23 [INFO ] 请求 AI 决策...
13:51:27 [INFO ] AI=FOLD  金额=0  理由=手牌As5s为A高，无对无听牌，翻牌Qd4d6d潮湿但未击中。对手下注78，底池赔率需要24.5%胜率，但A高仅能赢纯诈唬，对手范围较宽但此处下注表明有牌或听牌，我们胜率极低，弃牌是最优选择。
13:51:27 [INFO ] 动作执行完毕，等待下一轮
13:51:39 [INFO ] 新对局，记忆已清空
13:52:09 [INFO ] >>> 行动回合 | 阶段=PRE_FLOP
13:52:11 [INFO ] 手牌: Qc, 4d
13:52:11 [INFO ] 公共牌: 未知
13:52:12 [INFO ] 底池=0  筹码=1288  跟注=30 (call)
13:52:12 [INFO ] 成牌=高牌  听牌=无  outs=0  起手=边缘牌
13:52:12 [INFO ] 请求 AI 决策...
13:52:15 [INFO ] AI=FOLD  金额=0  理由=手牌Qc4d极弱（分数1/10），翻后难以成牌且处于不利位置，跟注赔率虽低但长期-EV，选择弃牌符合最大化期望值原则。
13:52:16 [INFO ] 动作执行完毕，等待下一轮
13:52:36 [INFO ] 新对局，记忆已清空
13:53:07 [INFO ] >>> 行动回合 | 阶段=PRE_FLOP
13:53:09 [INFO ] 手牌: 8h, Ts
13:53:09 [INFO ] 公共牌: 未知
13:53:10 [INFO ] 底池=0  筹码=1288  跟注=180 (call)
13:53:10 [INFO ] 成牌=高牌  听牌=无  outs=0  起手=边缘牌
13:53:10 [INFO ] 请求 AI 决策...
13:53:14 [INFO ] AI=FOLD  金额=0  理由=手牌8hTs质量极差（1/10），对手翻前大额加注显示强牌力，跟注180（12.3%筹码）缺乏足够胜率和可玩性，弃牌为上策。
13:53:15 [INFO ] 动作执行完毕，等待下一轮
13:54:55 [INFO ] 新对局，记忆已清空
13:55:16 [INFO ] >>> 行动回合 | 阶段=PRE_FLOP
13:55:18 [INFO ] 手牌: 3c, 8d
13:55:18 [INFO ] 公共牌: 未知
13:55:19 [INFO ] 底池=0  筹码=1288  跟注=20 (call)
13:55:19 [INFO ] 成牌=高牌  听牌=无  outs=0  起手=边缘牌
13:55:19 [INFO ] 请求 AI 决策...
13:55:22 [INFO ] AI=FOLD  金额=0  理由=手牌3c8d质量极差（1/10），属于边缘中的边缘牌，翻前跟注负EV，且无任何可玩性，应弃牌。
13:55:23 [INFO ] 动作执行完毕，等待下一轮
13:56:17 [INFO ] 程序由用户停止
