23:21:47 [INFO ] 日志文件: logs\20260526_232147.log
23:21:47 [INFO ] 德州扑克 AI Agent 启动中
23:21:47 [INFO ] 系统就绪，开始扫描游戏窗口
23:21:47 [INFO ] >>> 行动回合 | 阶段=PRE_FLOP
23:21:48 [INFO ] 手牌: Jh, 7h
23:21:48 [INFO ] 公共牌: 未知
23:21:51 [INFO ] 底池=0  筹码=558  跟注=132 (call)
23:21:51 [INFO ] 成牌=高牌  听牌=无  outs=0  起手=边缘牌
23:21:51 [INFO ] 请求 AI 决策...
23:21:55 [INFO ] AI=FOLD  金额=0  理由=手牌Jh7h极弱，底池为0却需支付132筹码，底池赔率极差，没有入池价值，果断弃牌。
23:21:55 [INFO ] 动作执行完毕，等待下一轮
23:23:04 [INFO ] 新对局，记忆已清空
23:23:37 [INFO ] >>> 行动回合 | 阶段=PRE_FLOP
23:23:38 [INFO ] 手牌: Kh, 3c
23:23:38 [INFO ] 公共牌: 未知
23:23:39 [INFO ] 底池=0  筹码=554  跟注=4 (call)
23:23:39 [INFO ] 成牌=高牌  听牌=无  outs=0  起手=K带小
23:23:39 [INFO ] 请求 AI 决策...
23:23:43 [INFO ] AI=FOLD  金额=0  理由=手牌Kh3c极弱，底池赔率为0:4，需要100%胜率才能收支平衡，而实际胜率远低于此，跟注无正期望值，故弃牌。
23:23:43 [INFO ] 动作执行完毕，等待下一轮
23:23:54 [INFO ] 新对局，记忆已清空
23:24:11 [INFO ] 程序由用户停止
