22:09:03 [INFO ] 日志文件: logs\20260526_220903.log
22:09:03 [INFO ] 德州扑克 AI Agent 启动中
22:09:04 [INFO ] 系统就绪，开始扫描游戏窗口
22:10:13 [INFO ] >>> 行动回合 | 阶段=PRE_FLOP
22:10:13 [INFO ] 手牌: 6d, 6c
22:10:13 [INFO ] 公共牌: 未知
22:10:16 [INFO ] 底池=0  筹码=596  跟注=16 (call)
22:10:16 [INFO ] 成牌=一对  听牌=无  outs=0  起手=小对子(66-)
22:10:16 [INFO ] 请求 AI 决策...
22:10:20 [INFO ] AI=CALL  金额=16  理由=手牌为小对子66，翻前有一定可玩性，虽然当前底池赔率极低，但考虑到翻后可能击中三条的隐含赔率，且策略引导倾向于跟注，选择入池看翻牌。
22:10:21 [INFO ] 动作执行完毕，等待下一轮
22:10:54 [INFO ] >>> 行动回合 | 阶段=PRE_FLOP
22:10:54 [INFO ] 公共牌: 未知
22:10:55 [INFO ] 底池=0  筹码=560  跟注=20 (call)
22:10:55 [INFO ] 成牌=一对  听牌=无  outs=0  起手=小对子(66-)
22:10:55 [INFO ] 请求 AI 决策...
22:10:59 [INFO ] AI=CALL  金额=20  理由=手持小对子66，有一定潜力在翻牌中暗三条，跟注成本较低且底池赔率尚可，符合策略引导的入池倾向。
22:10:59 [INFO ] 动作执行完毕，等待下一轮
22:11:09 [INFO ] >>> 行动回合 | 阶段=PRE_FLOP
22:11:09 [INFO ] 公共牌: 未知
22:11:10 [INFO ] 底池=0  筹码=576  跟注=8 (call)
22:11:10 [INFO ] 成牌=一对  听牌=无  outs=0  起手=小对子(66-)
22:11:10 [INFO ] 请求 AI 决策...
22:11:16 [INFO ] AI=CALL  金额=8  理由=虽然底池赔率极差（需100%胜率），但手牌为小对子66，有一定可玩性，可以在翻牌击中三条获得高隐含赔率。策略倾向于避免过度弃牌，且跟注成本仅8筹码，筹码深，值得尝试。
22:11:16 [INFO ] 动作执行完毕，等待下一轮
22:11:36 [INFO ] >>> 行动回合 | 阶段=FLOP
22:11:36 [INFO ] 公共牌: 9h, 4d, 6h
22:11:36 [INFO ] 底池=522  筹码=528  跟注=89 (call)
22:11:36 [INFO ] 成牌=三条  听牌=无  outs=3  起手=小对子(66-)
22:11:36 [INFO ] 请求 AI 决策...
22:11:40 [INFO ] AI=RAISE  金额=300  理由=持有三条6，牌力很强，但牌面有听同花和顺子的可能，加注可以保护手牌并获取价值。底池赔率合适，且有位置优势。
22:11:42 [INFO ] 动作执行完毕，等待下一轮
22:12:27 [INFO ] 新对局，记忆已清空
22:13:11 [INFO ] >>> 行动回合 | 阶段=PRE_FLOP
22:13:12 [INFO ] 手牌: Kc, Ks
22:13:12 [INFO ] 公共牌: 未知
22:13:13 [INFO ] 底池=0  筹码=1578  跟注=0 (check)
22:13:13 [INFO ] 成牌=一对  听牌=无  outs=0  起手=强对子(KK)
22:13:13 [INFO ] 请求 AI 决策...
22:13:21 [INFO ] AI=CHECK  金额=0  理由=手牌为口袋对K，属于超强起手牌。当前为翻前阶段，无需支付即可看牌，硬约束禁止弃牌，策略上可以选择过牌或加注。但为了保守遵守所有约束，选择过牌免费进入翻牌。
22:13:21 [INFO ] 动作执行完毕，等待下一轮
22:14:38 [INFO ] >>> 行动回合 | 阶段=FLOP
22:14:38 [INFO ] 公共牌: Ad, 7c, Ah
22:14:39 [INFO ] 底池=220  筹码=1524  跟注=0 (check)
22:14:39 [INFO ] 成牌=两对  听牌=无  outs=4  起手=强对子(KK)
22:14:39 [INFO ] 请求 AI 决策...
22:14:44 [INFO ] AI=CHECK  金额=0  理由=免费看牌，两对有一定牌力，但公牌有对A可能落后于三条，check控池看转牌。
22:14:44 [INFO ] 动作执行完毕，等待下一轮
22:15:31 [INFO ] >>> 行动回合 | 阶段=TURN
22:15:31 [INFO ] 公共牌: Ad, 7c, Ah, 6s
22:15:32 [INFO ] 底池=599  筹码=1414  跟注=43 (call)
22:15:32 [INFO ] 成牌=两对  听牌=无  outs=4  起手=强对子(KK)
22:15:32 [INFO ] 请求 AI 决策...
22:15:50 [INFO ] AI=CALL  金额=43  理由=底池赔率极佳（需6.7%胜率），硬约束禁止弃牌。手牌KK在A高牌面形成两对，仍有潜力提升为葫芦。鉴于历史重注，对手可能持有A，但跟注成本低且潜在收益高，符合策略引导。
22:15:50 [INFO ] 动作执行完毕，等待下一轮
22:16:08 [INFO ] >>> 行动回合 | 阶段=RIVER
22:16:08 [INFO ] 公共牌: Ad, 7c, Ah, 6s, 4d
22:16:08 [INFO ] 底池=599  筹码=1271  跟注=66 (call)
22:16:08 [INFO ] 成牌=两对  听牌=无  outs=4  起手=强对子(KK)
22:16:08 [INFO ] 请求 AI 决策...
22:16:28 [INFO ] AI=CALL  金额=66  理由=底池赔率极佳，仅需9.9%胜率。手牌为顶两对（AA和KK），只输给三条A、葫芦或顺子，但对手河牌下注较小，可能为中等牌力或诈唬，结合策略避免过度弃牌，跟注为正期望值。
22:16:28 [INFO ] 动作执行完毕，等待下一轮
22:17:41 [INFO ] 程序由用户停止
